<?xml version='1.0' encoding='UTF-8'?>
<!DOCTYPE coverage SYSTEM 'http://cobertura.sourceforge.net/xml/coverage-04.dtd'>
<coverage branch-rate="0.2926829268292683" line-rate="0.3258426966292135" timestamp="0" version="VectorCAST 22.sp8 (01/31/23)">
  <sources>
    <source>./</source>
  </sources>
  <packages>
    <package name="d:/vector/github/pointofsales_v2/fast_test/tutorial/c/database" line-rate="0.5" branch-rate="0.0" complexity="2">
      <classes>
        <class name="database_c" filename="d:/vector/github/pointofsales_v2/fast_test/tutorial/c/database/database.c" line-rate="1.0" branch-rate="1.0" complexity="2">
          <lines>
            <line number="7" hits="1" branch="false"/>
            <line number="12" hits="1" branch="false"/>
            <line number="6" condition-coverage="100.0% (1/1)" hits="1" branch="true">
              <conditions>
                <condition number="0" type="jump" coverage="100.0%"/>
              </conditions>
            </line>
            <line number="11" condition-coverage="100.0% (1/1)" hits="1" branch="true">
              <conditions>
                <condition number="0" type="jump" coverage="100.0%"/>
              </conditions>
            </line>
          </lines>
        </class>
      </classes>
    </package>
    <package name="d:/vector/github/pointofsales_v2/fast_test/tutorial/c/order_entry" line-rate="0.21951219512195122" branch-rate="0.0" complexity="18">
      <classes>
        <class name="manager_c" filename="d:/vector/github/pointofsales_v2/fast_test/tutorial/c/order_entry/manager.c" line-rate="0.32727272727272727" branch-rate="0.2962962962962963" complexity="18">
          <lines>
            <line number="46" hits="1" branch="false"/>
            <line number="50" hits="0" branch="true" condition-coverage="0.0% (0/1)">
              <conditions>
                <condition number="0" type="jump" coverage="0.0%"/>
              </conditions>
            </line>
            <line number="51" hits="0" branch="false"/>
            <line number="52" hits="0" branch="false"/>
            <line number="49" hits="0" branch="false"/>
            <line number="53" hits="1" branch="true" condition-coverage="100.0% (1/1)">
              <conditions>
                <condition number="0" type="jump" coverage="100.0%"/>
              </conditions>
            </line>
            <line number="55" hits="1" branch="false"/>
            <line number="48" hits="0" branch="true" condition-coverage="0.0% (0/1)">
              <conditions>
                <condition number="0" type="jump" coverage="0.0%"/>
              </conditions>
            </line>
            <line number="54" hits="1" branch="false"/>
            <line number="56" hits="0" branch="true" condition-coverage="0.0% (0/1)">
              <conditions>
                <condition number="0" type="jump" coverage="0.0%"/>
              </conditions>
            </line>
            <line number="57" hits="0" branch="false"/>
            <line number="64" hits="1" branch="false"/>
            <line number="65" hits="1" branch="false"/>
            <line number="61" hits="0" branch="false"/>
            <line number="60" hits="0" branch="false"/>
            <line number="58" hits="0" branch="false"/>
            <line number="59" hits="0" branch="true" condition-coverage="0.0% (0/1)">
              <conditions>
                <condition number="0" type="jump" coverage="0.0%"/>
              </conditions>
            </line>
            <line number="41" hits="1" branch="false"/>
            <line number="37" hits="1" branch="false"/>
            <line number="39" hits="1" branch="false"/>
            <line number="40" hits="1" branch="false"/>
            <line number="44" hits="1" branch="false"/>
            <line number="73" hits="0" branch="false"/>
            <line number="72" hits="0" branch="false"/>
            <line number="76" hits="0" branch="true" condition-coverage="0.0% (0/2)">
              <conditions>
                <condition number="0" type="jump" coverage="0.0%"/>
              </conditions>
            </line>
            <line number="78" hits="0" branch="false"/>
            <line number="79" hits="0" branch="false"/>
            <line number="81" hits="0" branch="false"/>
            <line number="74" hits="0" branch="false"/>
            <line number="77" hits="0" branch="false"/>
            <line number="80" hits="0" branch="false"/>
            <line number="84" hits="0" branch="false"/>
            <line number="86" hits="0" branch="false"/>
            <line number="87" hits="0" branch="false"/>
            <line number="95" hits="1" branch="true" condition-coverage="50.0% (1/2)">
              <conditions>
                <condition number="0" type="jump" coverage="50.0%"/>
              </conditions>
            </line>
            <line number="103" hits="1" branch="false"/>
            <line number="97" hits="0" branch="false"/>
            <line number="93" hits="1" branch="false"/>
            <line number="100" hits="1" branch="false"/>
            <line number="23" hits="1" branch="true" condition-coverage="50.0% (1/2)">
              <conditions>
                <condition number="0" type="jump" coverage="50.0%"/>
              </conditions>
            </line>
            <line number="24" hits="1" branch="false"/>
            <line number="25" hits="1" branch="false"/>
            <line number="15" hits="1" branch="true" condition-coverage="50.0% (1/2)">
              <conditions>
                <condition number="0" type="jump" coverage="50.0%"/>
              </conditions>
            </line>
            <line number="17" hits="1" branch="true" condition-coverage="50.0% (1/2)">
              <conditions>
                <condition number="0" type="jump" coverage="50.0%"/>
              </conditions>
            </line>
            <line number="18" hits="1" branch="false"/>
            <line number="19" hits="1" branch="false"/>
            <line number="21" hits="0" branch="false"/>
            <line number="27" hits="0" branch="false"/>
            <line number="108" hits="0" branch="false"/>
            <line number="109" hits="0" branch="true" condition-coverage="0.0% (0/2)">
              <conditions>
                <condition number="0" type="jump" coverage="0.0%"/>
              </conditions>
            </line>
            <line number="116" hits="0" branch="false"/>
            <line number="112" hits="0" branch="true" condition-coverage="0.0% (0/2)">
              <conditions>
                <condition number="0" type="jump" coverage="0.0%"/>
              </conditions>
            </line>
            <line number="110" hits="0" branch="false"/>
            <line number="113" hits="0" branch="false"/>
            <line number="114" hits="0" branch="false"/>
            <line number="121" hits="0" branch="true" condition-coverage="0.0% (0/2)">
              <conditions>
                <condition number="0" type="jump" coverage="0.0%"/>
              </conditions>
            </line>
            <line number="122" hits="0" branch="false"/>
            <line number="123" hits="0" branch="false"/>
            <line number="34" condition-coverage="100.0% (1/1)" hits="1" branch="true">
              <conditions>
                <condition number="0" type="jump" coverage="100.0%"/>
              </conditions>
            </line>
            <line number="69" condition-coverage="0.0% (0/1)" hits="0" branch="true">
              <conditions>
                <condition number="0" type="jump" coverage="0.0%"/>
              </conditions>
            </line>
            <line number="91" condition-coverage="100.0% (1/1)" hits="1" branch="true">
              <conditions>
                <condition number="0" type="jump" coverage="100.0%"/>
              </conditions>
            </line>
            <line number="14" condition-coverage="100.0% (1/1)" hits="1" branch="true">
              <conditions>
                <condition number="0" type="jump" coverage="100.0%"/>
              </conditions>
            </line>
            <line number="107" condition-coverage="0.0% (0/1)" hits="0" branch="true">
              <conditions>
                <condition number="0" type="jump" coverage="0.0%"/>
              </conditions>
            </line>
            <line number="120" condition-coverage="0.0% (0/1)" hits="0" branch="true">
              <conditions>
                <condition number="0" type="jump" coverage="0.0%"/>
              </conditions>
            </line>
          </lines>
        </class>
      </classes>
    </package>
    <package name="d:/vector/github/pointofsales_v2/fast_test/tutorial/c/order_entry/main" line-rate="0.2571428571428571" branch-rate="0.0" complexity="8">
      <classes>
        <class name="manager_driver_c" filename="d:/vector/github/pointofsales_v2/fast_test/tutorial/c/order_entry/main/manager_driver.c" line-rate="0.34615384615384615" branch-rate="0.2222222222222222" complexity="8">
          <lines>
            <line number="33" hits="0" branch="true" condition-coverage="0.0% (0/1)">
              <conditions>
                <condition number="0" type="jump" coverage="0.0%"/>
              </conditions>
            </line>
            <line number="43" hits="0" branch="true" condition-coverage="0.0% (0/1)">
              <conditions>
                <condition number="0" type="jump" coverage="0.0%"/>
              </conditions>
            </line>
            <line number="44" hits="0" branch="false"/>
            <line number="41" hits="1" branch="false"/>
            <line number="45" hits="0" branch="false"/>
            <line number="46" hits="0" branch="true" condition-coverage="0.0% (0/1)">
              <conditions>
                <condition number="0" type="jump" coverage="0.0%"/>
              </conditions>
            </line>
            <line number="47" hits="0" branch="false"/>
            <line number="48" hits="0" branch="false"/>
            <line number="49" hits="0" branch="false"/>
            <line number="50" hits="0" branch="false"/>
            <line number="37" hits="1" branch="true" condition-coverage="0.0% (0/1)">
              <conditions>
                <condition number="0" type="jump" coverage="100.0%"/>
              </conditions>
            </line>
            <line number="25" hits="1" branch="false"/>
            <line number="38" hits="1" branch="false"/>
            <line number="39" hits="1" branch="false"/>
            <line number="31" hits="1" branch="false"/>
            <line number="34" hits="0" branch="false"/>
            <line number="35" hits="0" branch="false"/>
            <line number="36" hits="0" branch="false"/>
            <line number="42" hits="1" branch="false"/>
            <line number="40" hits="1" branch="false"/>
            <line number="54" hits="1" branch="false"/>
            <line number="51" hits="0" branch="false"/>
            <line number="16" condition-coverage="100.0% (1/1)" hits="1" branch="true">
              <conditions>
                <condition number="0" type="jump" coverage="100.0%"/>
              </conditions>
            </line>
          </lines>
        </class>
      </classes>
    </package>
    <package name="d:.vector.github.pointofsales_v2.fast_test.tutorial.c.util" line-rate="0.0" branch-rate="0.0" complexity="3">
      <classes>
        <class name="whitebox_c" filename="d:/vector/github/pointofsales_v2/fast_test/tutorial/c/utils/whitebox.c" line-rate="0.0" branch-rate="0.0" complexity="3">
          <lines>
            <line number="17" hits="0" branch="false"/>
            <line number="29" hits="0" branch="false"/>
            <line number="27" hits="0" branch="false"/>
            <line number="30" hits="0" branch="false"/>
            <line number="28" hits="0" branch="false"/>
            <line number="22" hits="0" branch="false"/>
            <line number="16" condition-coverage="0.0% (0/1)" hits="0" branch="true">
              <conditions>
                <condition number="0" type="jump" coverage="0.0%"/>
              </conditions>
            </line>
            <line number="26" condition-coverage="0.0% (0/1)" hits="0" branch="true">
              <conditions>
                <condition number="0" type="jump" coverage="0.0%"/>
              </conditions>
            </line>
            <line number="21" condition-coverage="0.0% (0/1)" hits="0" branch="true">
              <conditions>
                <condition number="0" type="jump" coverage="0.0%"/>
              </conditions>
            </line>
          </lines>
        </class>
      </classes>
    </package>
  </packages>
</coverage>
