<?xml version="1.0" encoding="UTF-8"?>
<testsuites>
    <testsuite errors="0" tests="1" failures="0" name="VectorCAST_MinGW_C.TestSuite.test" id="1">

        <testcase name="Test1" classname="VectorCAST_MinGW_C/TestSuite/test.Test1" time="0.0">
            
            <system-out>
PASS 1 / 1  &#xA;&#xA;Execution Report:&#xA;   System Test Build Status: NORMAL. &#xA;   System Test: Test1 &#xA;   Execution Status: Passed                     
            </system-out>
        </testcase>
   </testsuite>
</testsuites>
