<?xml version="1.0" encoding="UTF-8"?>
<testsuites>
    <testsuite errors="0" tests="8" failures="0" name="ENV_MANAGER" id="1">

        <testcase name="&lt;&lt;COMPOUND&gt;&gt;.&lt;&lt;COMPOUND&gt;&gt;.manager_SpecialsTest" classname="VectorCAST_MinGW_C++.UnitTesting.ENV_MANAGER" time="0.0">
            
            <skipped/>

            <system-out>
Skipped by VectorCAST Change Based Testing.  Last execution data shown.&#xA;&#xA;PASS 3 / 3  &#xA;&#xA;Execution Report:&#xA; Start of Test Case:   manager_SpecialsTest&#xA;&#xA;----------------------------------------------------------------------&#xA;-----                          Event 1                           -----&#xA;----------------------------------------------------------------------&#xA;-----manager_SpecialsTest Slot 1 (manager_add_included_dessert_null) Iteration 1-----&#xA;----------------------------------------------------------------------&#xA;   Calling UUT: manager.c&#xA;     Subprogram: Add_Included_Dessert&#xA;       Order =&gt; &lt;&lt;null&gt;&gt;&#xA;&#xA;&#xA;----------------------------------------------------------------------&#xA;-----                          Event 2                           -----&#xA;----------------------------------------------------------------------&#xA;   Returned from UUT: manager.c&#xA;     Subprogram: Add_Included_Dessert&#xA;       Order =&gt; &lt;&lt;null&gt;&gt;&#xA;&#xA;&#xA;&#xA;----------------------------------------------------------------------&#xA;-----                          Event 3                           -----&#xA;----------------------------------------------------------------------&#xA;-----manager_SpecialsTest Slot 2 (manager_add_included_dessert_none) Iteration 1-----&#xA;----------------------------------------------------------------------&#xA;   Calling UUT: manager.c&#xA;     Subprogram: Add_Included_Dessert&#xA;       Order&#xA;         [0] &#xA;           Entree =&gt; NO_ENTREE&#xA;           Dessert =&gt; FRUIT&#xA;&#xA;&#xA;----------------------------------------------------------------------&#xA;-----                          Event 4                           -----&#xA;----------------------------------------------------------------------&#xA;   Returned from UUT: manager.c&#xA;     Subprogram: Add_Included_Dessert&#xA;       Order&#xA;         [0] &#xA;           Entree =&gt; NO_ENTREE&#xA;           Dessert =&gt; FRUIT                                    &lt;match&gt;&#xA;&#xA;&#xA;&#xA;----------------------------------------------------------------------&#xA;-----                          Event 5                           -----&#xA;----------------------------------------------------------------------&#xA;-----manager_SpecialsTest Slot 3 (manager_add_included_dessert_cake) Iteration 1-----&#xA;----------------------------------------------------------------------&#xA;   Calling UUT: manager.c&#xA;     Subprogram: Add_Included_Dessert&#xA;       Order&#xA;         [0] &#xA;           Salad =&gt; GREEN&#xA;           Entree =&gt; LOBSTER&#xA;           Dessert =&gt; NO_DESSERT&#xA;           Beverage =&gt; WINE&#xA;&#xA;&#xA;----------------------------------------------------------------------&#xA;-----                          Event 6                           -----&#xA;----------------------------------------------------------------------&#xA;   Returned from UUT: manager.c&#xA;     Subprogram: Add_Included_Dessert&#xA;       Order&#xA;         [0] &#xA;           Salad =&gt; GREEN&#xA;           Entree =&gt; LOBSTER&#xA;           Dessert =&gt; CAKE                                     &lt;match&gt;&#xA;           Beverage =&gt; WINE&#xA;&#xA;&#xA;&#xA;----------------------------------------------------------------------&#xA;-----                          Event 7                           -----&#xA;----------------------------------------------------------------------&#xA;-----manager_SpecialsTest Slot 4 (manager_add_included_dessert_pie) Iteration 1-----&#xA;----------------------------------------------------------------------&#xA;   Calling UUT: manager.c&#xA;     Subprogram: Add_Included_Dessert&#xA;       Order&#xA;         [0] &#xA;           Salad =&gt; CAESAR&#xA;           Entree =&gt; STEAK&#xA;           Dessert =&gt; NO_DESSERT&#xA;           Beverage =&gt; MIXED_DRINK&#xA;&#xA;&#xA;----------------------------------------------------------------------&#xA;-----                          Event 8                           -----&#xA;----------------------------------------------------------------------&#xA;   Returned from UUT: manager.c&#xA;     Subprogram: Add_Included_Dessert&#xA;       Order&#xA;         [0] &#xA;           Salad =&gt; CAESAR&#xA;           Entree =&gt; STEAK&#xA;           Dessert =&gt; PIE                                      &lt;match&gt;&#xA;           Beverage =&gt; MIXED_DRINK&#xA;&#xA;&#xA;   UUT Returned control to Driver ...&#xA;&#xA;End of Test Case&#xA;&#xA;&#xA;&#xA;Expected Results matched 100%                         ( 3 / 3 )   PASS&#xA;Test Status                                                       PASS&#xA;&#xA;                     
            </system-out>
        </testcase>

        <testcase name="manager.Add_Included_Dessert.manager_add_included_dessert_cake" classname="VectorCAST_MinGW_C++.UnitTesting.ENV_MANAGER" time="0.0">
            
            <skipped/>

            <system-out>
Skipped by VectorCAST Change Based Testing.  Last execution data shown.&#xA;&#xA;PASS 1 / 1  &#xA;&#xA;Execution Report:&#xA; Start of Test Case:   manager_add_included_dessert_cake&#xA;&#xA;----------------------------------------------------------------------&#xA;-----                          Event 1                           -----&#xA;----------------------------------------------------------------------&#xA;   Calling UUT: manager.c&#xA;     Subprogram: Add_Included_Dessert&#xA;       Order&#xA;         [0] &#xA;           Salad =&gt; GREEN&#xA;           Entree =&gt; LOBSTER&#xA;           Dessert =&gt; NO_DESSERT&#xA;           Beverage =&gt; WINE&#xA;&#xA;&#xA;----------------------------------------------------------------------&#xA;-----                          Event 2                           -----&#xA;----------------------------------------------------------------------&#xA;   Returned from UUT: manager.c&#xA;     Subprogram: Add_Included_Dessert&#xA;       Order&#xA;         [0] &#xA;           Salad =&gt; GREEN&#xA;           Entree =&gt; LOBSTER&#xA;           Dessert =&gt; CAKE                                     &lt;match&gt;&#xA;           Beverage =&gt; WINE&#xA;&#xA;&#xA;   UUT Returned control to Driver ...&#xA;&#xA;End of Test Case&#xA;&#xA;&#xA;&#xA;Expected Results matched 100%                         ( 1 / 1 )   PASS&#xA;Test Status                                                       PASS&#xA;&#xA;                     
            </system-out>
        </testcase>

        <testcase name="manager.Add_Included_Dessert.manager_add_included_dessert_none" classname="VectorCAST_MinGW_C++.UnitTesting.ENV_MANAGER" time="0.0">
            
            <skipped/>

            <system-out>
Skipped by VectorCAST Change Based Testing.  Last execution data shown.&#xA;&#xA;PASS 1 / 1  &#xA;&#xA;Execution Report:&#xA; Start of Test Case:   manager_add_included_dessert_none&#xA;&#xA;----------------------------------------------------------------------&#xA;-----                          Event 1                           -----&#xA;----------------------------------------------------------------------&#xA;   Calling UUT: manager.c&#xA;     Subprogram: Add_Included_Dessert&#xA;       Order&#xA;         [0] &#xA;           Entree =&gt; NO_ENTREE&#xA;           Dessert =&gt; FRUIT&#xA;&#xA;&#xA;----------------------------------------------------------------------&#xA;-----                          Event 2                           -----&#xA;----------------------------------------------------------------------&#xA;   Returned from UUT: manager.c&#xA;     Subprogram: Add_Included_Dessert&#xA;       Order&#xA;         [0] &#xA;           Entree =&gt; NO_ENTREE&#xA;           Dessert =&gt; FRUIT                                    &lt;match&gt;&#xA;&#xA;&#xA;   UUT Returned control to Driver ...&#xA;&#xA;End of Test Case&#xA;&#xA;&#xA;&#xA;Expected Results matched 100%                         ( 1 / 1 )   PASS&#xA;Test Status                                                       PASS&#xA;&#xA;                     
            </system-out>
        </testcase>

        <testcase name="manager.Add_Included_Dessert.manager_add_included_dessert_null" classname="VectorCAST_MinGW_C++.UnitTesting.ENV_MANAGER" time="0.0">
            
            <skipped/>

            <system-out>
Skipped by VectorCAST Change Based Testing.  Last execution data shown.&#xA;&#xA;PASS 0 / 0  &#xA;&#xA;Execution Report:&#xA; Start of Test Case:   manager_add_included_dessert_null&#xA;&#xA;----------------------------------------------------------------------&#xA;-----                          Event 1                           -----&#xA;----------------------------------------------------------------------&#xA;   Calling UUT: manager.c&#xA;     Subprogram: Add_Included_Dessert&#xA;       Order =&gt; &lt;&lt;null&gt;&gt;&#xA;&#xA;&#xA;----------------------------------------------------------------------&#xA;-----                          Event 2                           -----&#xA;----------------------------------------------------------------------&#xA;   Returned from UUT: manager.c&#xA;     Subprogram: Add_Included_Dessert&#xA;       Order =&gt; &lt;&lt;null&gt;&gt;&#xA;&#xA;&#xA;   UUT Returned control to Driver ...&#xA;&#xA;End of Test Case&#xA;&#xA;&#xA;&#xA;Test Status                                                       PASS&#xA;&#xA;                     
            </system-out>
        </testcase>

        <testcase name="manager.Add_Included_Dessert.manager_add_included_dessert_pie" classname="VectorCAST_MinGW_C++.UnitTesting.ENV_MANAGER" time="0.0">
            
            <skipped/>

            <system-out>
Skipped by VectorCAST Change Based Testing.  Last execution data shown.&#xA;&#xA;PASS 1 / 1  &#xA;&#xA;Execution Report:&#xA; Start of Test Case:   manager_add_included_dessert_pie&#xA;&#xA;----------------------------------------------------------------------&#xA;-----                          Event 1                           -----&#xA;----------------------------------------------------------------------&#xA;   Calling UUT: manager.c&#xA;     Subprogram: Add_Included_Dessert&#xA;       Order&#xA;         [0] &#xA;           Salad =&gt; CAESAR&#xA;           Entree =&gt; STEAK&#xA;           Dessert =&gt; NO_DESSERT&#xA;           Beverage =&gt; MIXED_DRINK&#xA;&#xA;&#xA;----------------------------------------------------------------------&#xA;-----                          Event 2                           -----&#xA;----------------------------------------------------------------------&#xA;   Returned from UUT: manager.c&#xA;     Subprogram: Add_Included_Dessert&#xA;       Order&#xA;         [0] &#xA;           Salad =&gt; CAESAR&#xA;           Entree =&gt; STEAK&#xA;           Dessert =&gt; PIE                                      &lt;match&gt;&#xA;           Beverage =&gt; MIXED_DRINK&#xA;&#xA;&#xA;   UUT Returned control to Driver ...&#xA;&#xA;End of Test Case&#xA;&#xA;&#xA;&#xA;Expected Results matched 100%                         ( 1 / 1 )   PASS&#xA;Test Status                                                       PASS&#xA;&#xA;                     
            </system-out>
        </testcase>

        <testcase name="manager.Place_Order.manager_Place_Order_All_Entrees" classname="VectorCAST_MinGW_C++.UnitTesting.ENV_MANAGER" time="0.327127">
            
            <system-out>
PASS 30 / 30  &#xA;&#xA;Execution Report:&#xA; Start of Test Case:   manager_Place_Order_All_Entrees&#xA;&#xA;----------------------------------------------------------------------&#xA;-----                          Event 1                           -----&#xA;----------------------------------------------------------------------&#xA;-----                     Range Iteration #1                     -----&#xA;----------------------------------------------------------------------&#xA;&#xA;   Calling UUT: manager.c&#xA;     Subprogram: Place_Order&#xA;       Table =&gt; 1&#xA;       Seat =&gt; 1&#xA;       Order&#xA;         Soup =&gt; ONION&#xA;         Entree =&gt; NO_ENTREE&#xA;         Beverage =&gt; WINE&#xA;&#xA;&#xA;----------------------------------------------------------------------&#xA;-----                          Event 2                           -----&#xA;----------------------------------------------------------------------&#xA;   Stub called: database.h&#xA;     Subprogram: Get_Record&#xA;&#xA;&#xA;----------------------------------------------------------------------&#xA;-----                          Event 3                           -----&#xA;----------------------------------------------------------------------&#xA;   Stub called: database.h&#xA;     Subprogram: Update_Record&#xA;       Data&#xA;         Is_Occupied =&gt; v_true                                 &lt;match&gt;&#xA;         Number_In_Party =&gt; 1                                  &lt;match&gt;&#xA;         Order&#xA;           [1] &#xA;             Soup =&gt; ONION                                     &lt;match&gt;&#xA;             Entree =&gt; NO_ENTREE                               &lt;match&gt;&#xA;             Beverage =&gt; WINE                                  &lt;match&gt;&#xA;         Check_Total =&gt; 0                                      &lt;match&gt;&#xA;&#xA;&#xA;----------------------------------------------------------------------&#xA;-----                          Event 4                           -----&#xA;----------------------------------------------------------------------&#xA;   Returned from UUT: manager.c&#xA;     Subprogram: Place_Order&#xA;       Table =&gt; 1&#xA;       Seat =&gt; 1&#xA;       Order&#xA;         Soup =&gt; ONION&#xA;         Entree =&gt; NO_ENTREE&#xA;         Beverage =&gt; WINE&#xA;&#xA;&#xA;----------------------------------------------------------------------&#xA;-----                          Event 5                           -----&#xA;----------------------------------------------------------------------&#xA;-----                     Range Iteration #2                     -----&#xA;----------------------------------------------------------------------&#xA;&#xA;   Calling UUT: manager.c&#xA;     Subprogram: Place_Order&#xA;       Table =&gt; 1&#xA;       Seat =&gt; 1&#xA;       Order&#xA;         Soup =&gt; ONION&#xA;         Entree =&gt; STEAK&#xA;         Beverage =&gt; WINE&#xA;&#xA;&#xA;----------------------------------------------------------------------&#xA;-----                          Event 6                           -----&#xA;----------------------------------------------------------------------&#xA;   Stub called: database.h&#xA;     Subprogram: Get_Record&#xA;&#xA;&#xA;----------------------------------------------------------------------&#xA;-----                          Event 7                           -----&#xA;----------------------------------------------------------------------&#xA;   Stub called: database.h&#xA;     Subprogram: Update_Record&#xA;       Data&#xA;         Is_Occupied =&gt; v_true                                 &lt;match&gt;&#xA;         Number_In_Party =&gt; 1                                  &lt;match&gt;&#xA;         Order&#xA;           [1] &#xA;             Soup =&gt; ONION                                     &lt;match&gt;&#xA;             Entree =&gt; STEAK                                   &lt;match&gt;&#xA;             Beverage =&gt; WINE                                  &lt;match&gt;&#xA;         Check_Total =&gt; 14.42                                  &lt;match&gt;&#xA;&#xA;&#xA;----------------------------------------------------------------------&#xA;-----                          Event 8                           -----&#xA;----------------------------------------------------------------------&#xA;   Returned from UUT: manager.c&#xA;     Subprogram: Place_Order&#xA;       Table =&gt; 1&#xA;       Seat =&gt; 1&#xA;       Order&#xA;         Soup =&gt; ONION&#xA;         Entree =&gt; STEAK&#xA;         Beverage =&gt; WINE&#xA;&#xA;&#xA;----------------------------------------------------------------------&#xA;-----                          Event 9                           -----&#xA;----------------------------------------------------------------------&#xA;-----                     Range Iteration #3                     -----&#xA;----------------------------------------------------------------------&#xA;&#xA;   Calling UUT: manager.c&#xA;     Subprogram: Place_Order&#xA;       Table =&gt; 1&#xA;       Seat =&gt; 1&#xA;       Order&#xA;         Soup =&gt; ONION&#xA;         Entree =&gt; CHICKEN&#xA;         Beverage =&gt; WINE&#xA;&#xA;&#xA;----------------------------------------------------------------------&#xA;-----                          Event 10                          -----&#xA;----------------------------------------------------------------------&#xA;   Stub called: database.h&#xA;     Subprogram: Get_Record&#xA;&#xA;&#xA;----------------------------------------------------------------------&#xA;-----                          Event 11                          -----&#xA;----------------------------------------------------------------------&#xA;   Stub called: database.h&#xA;     Subprogram: Update_Record&#xA;       Data&#xA;         Is_Occupied =&gt; v_true                                 &lt;match&gt;&#xA;         Number_In_Party =&gt; 1                                  &lt;match&gt;&#xA;         Order&#xA;           [1] &#xA;             Soup =&gt; ONION                                     &lt;match&gt;&#xA;             Entree =&gt; CHICKEN                                 &lt;match&gt;&#xA;             Beverage =&gt; WINE                                  &lt;match&gt;&#xA;         Check_Total =&gt; 10.3                                   &lt;match&gt;&#xA;&#xA;&#xA;----------------------------------------------------------------------&#xA;-----                          Event 12                          -----&#xA;----------------------------------------------------------------------&#xA;   Returned from UUT: manager.c&#xA;     Subprogram: Place_Order&#xA;       Table =&gt; 1&#xA;       Seat =&gt; 1&#xA;       Order&#xA;         Soup =&gt; ONION&#xA;         Entree =&gt; CHICKEN&#xA;         Beverage =&gt; WINE&#xA;&#xA;&#xA;----------------------------------------------------------------------&#xA;-----                          Event 13                          -----&#xA;----------------------------------------------------------------------&#xA;-----                     Range Iteration #4                     -----&#xA;----------------------------------------------------------------------&#xA;&#xA;   Calling UUT: manager.c&#xA;     Subprogram: Place_Order&#xA;       Table =&gt; 1&#xA;       Seat =&gt; 1&#xA;       Order&#xA;         Soup =&gt; ONION&#xA;         Entree =&gt; LOBSTER&#xA;         Beverage =&gt; WINE&#xA;&#xA;&#xA;----------------------------------------------------------------------&#xA;-----                          Event 14                          -----&#xA;----------------------------------------------------------------------&#xA;   Stub called: database.h&#xA;     Subprogram: Get_Record&#xA;&#xA;&#xA;----------------------------------------------------------------------&#xA;-----                          Event 15                          -----&#xA;----------------------------------------------------------------------&#xA;   Stub called: database.h&#xA;     Subprogram: Update_Record&#xA;       Data&#xA;         Is_Occupied =&gt; v_true                                 &lt;match&gt;&#xA;         Number_In_Party =&gt; 1                                  &lt;match&gt;&#xA;         Order&#xA;           [1] &#xA;             Soup =&gt; ONION                                     &lt;match&gt;&#xA;             Entree =&gt; LOBSTER                                 &lt;match&gt;&#xA;             Beverage =&gt; WINE                                  &lt;match&gt;&#xA;         Check_Total =&gt; 18.54                                  &lt;match&gt;&#xA;&#xA;&#xA;----------------------------------------------------------------------&#xA;-----                          Event 16                          -----&#xA;----------------------------------------------------------------------&#xA;   Returned from UUT: manager.c&#xA;     Subprogram: Place_Order&#xA;       Table =&gt; 1&#xA;       Seat =&gt; 1&#xA;       Order&#xA;         Soup =&gt; ONION&#xA;         Entree =&gt; LOBSTER&#xA;         Beverage =&gt; WINE&#xA;&#xA;&#xA;----------------------------------------------------------------------&#xA;-----                          Event 17                          -----&#xA;----------------------------------------------------------------------&#xA;-----                     Range Iteration #5                     -----&#xA;----------------------------------------------------------------------&#xA;&#xA;   Calling UUT: manager.c&#xA;     Subprogram: Place_Order&#xA;       Table =&gt; 1&#xA;       Seat =&gt; 1&#xA;       Order&#xA;         Soup =&gt; ONION&#xA;         Entree =&gt; PASTA&#xA;         Beverage =&gt; WINE&#xA;&#xA;&#xA;----------------------------------------------------------------------&#xA;-----                          Event 18                          -----&#xA;----------------------------------------------------------------------&#xA;   Stub called: database.h&#xA;     Subprogram: Get_Record&#xA;&#xA;&#xA;----------------------------------------------------------------------&#xA;-----                          Event 19                          -----&#xA;----------------------------------------------------------------------&#xA;   Stub called: database.h&#xA;     Subprogram: Update_Record&#xA;       Data&#xA;         Is_Occupied =&gt; v_true                                 &lt;match&gt;&#xA;         Number_In_Party =&gt; 1                                  &lt;match&gt;&#xA;         Order&#xA;           [1] &#xA;             Soup =&gt; ONION                                     &lt;match&gt;&#xA;             Entree =&gt; PASTA                                   &lt;match&gt;&#xA;             Beverage =&gt; WINE                                  &lt;match&gt;&#xA;         Check_Total =&gt; 12.36                                  &lt;match&gt;&#xA;&#xA;&#xA;----------------------------------------------------------------------&#xA;-----                          Event 20                          -----&#xA;----------------------------------------------------------------------&#xA;   Returned from UUT: manager.c&#xA;     Subprogram: Place_Order&#xA;       Table =&gt; 1&#xA;       Seat =&gt; 1&#xA;       Order&#xA;         Soup =&gt; ONION&#xA;         Entree =&gt; PASTA&#xA;         Beverage =&gt; WINE&#xA;&#xA;&#xA;   UUT Returned control to Driver ...&#xA;&#xA;End of Test Case&#xA;&#xA;&#xA;&#xA;Expected Results matched 100%                       ( 30 / 30 )   PASS&#xA;Test Status                                                       PASS&#xA;&#xA;                     
            </system-out>
        </testcase>

        <testcase name="manager.Place_Order.manager_Place_Order_SeatCount" classname="VectorCAST_MinGW_C++.UnitTesting.ENV_MANAGER" time="0.326129">
            
            <system-out>
PASS 4 / 4  &#xA;&#xA;Execution Report:&#xA; Start of Test Case:   manager_Place_Order_SeatCount&#xA;&#xA;----------------------------------------------------------------------&#xA;-----                          Event 1                           -----&#xA;----------------------------------------------------------------------&#xA;-----                     Range Iteration #1                     -----&#xA;----------------------------------------------------------------------&#xA;&#xA;   Calling UUT: manager.c&#xA;     Subprogram: Place_Order&#xA;       Table =&gt; 0&#xA;       return =&gt; 0&#xA;&#xA;&#xA;----------------------------------------------------------------------&#xA;-----                          Event 2                           -----&#xA;----------------------------------------------------------------------&#xA;   Stub called: database.h&#xA;     Subprogram: Get_Record&#xA;&#xA;&#xA;----------------------------------------------------------------------&#xA;-----                          Event 3                           -----&#xA;----------------------------------------------------------------------&#xA;   Stub called: database.h&#xA;     Subprogram: Update_Record&#xA;&#xA;&#xA;----------------------------------------------------------------------&#xA;-----                          Event 4                           -----&#xA;----------------------------------------------------------------------&#xA;   Returned from UUT: manager.c&#xA;     Subprogram: Place_Order&#xA;       Table =&gt; 0&#xA;       return =&gt; 0                                             &lt;match&gt;&#xA;&#xA;&#xA;----------------------------------------------------------------------&#xA;-----                          Event 5                           -----&#xA;----------------------------------------------------------------------&#xA;-----                     Range Iteration #2                     -----&#xA;----------------------------------------------------------------------&#xA;&#xA;   Calling UUT: manager.c&#xA;     Subprogram: Place_Order&#xA;       Table =&gt; 1&#xA;       return =&gt; 0&#xA;&#xA;&#xA;----------------------------------------------------------------------&#xA;-----                          Event 6                           -----&#xA;----------------------------------------------------------------------&#xA;   Stub called: database.h&#xA;     Subprogram: Get_Record&#xA;&#xA;&#xA;----------------------------------------------------------------------&#xA;-----                          Event 7                           -----&#xA;----------------------------------------------------------------------&#xA;   Stub called: database.h&#xA;     Subprogram: Update_Record&#xA;&#xA;&#xA;----------------------------------------------------------------------&#xA;-----                          Event 8                           -----&#xA;----------------------------------------------------------------------&#xA;   Returned from UUT: manager.c&#xA;     Subprogram: Place_Order&#xA;       Table =&gt; 1&#xA;       return =&gt; 0                                             &lt;match&gt;&#xA;&#xA;&#xA;----------------------------------------------------------------------&#xA;-----                          Event 9                           -----&#xA;----------------------------------------------------------------------&#xA;-----                     Range Iteration #3                     -----&#xA;----------------------------------------------------------------------&#xA;&#xA;   Calling UUT: manager.c&#xA;     Subprogram: Place_Order&#xA;       Table =&gt; 2&#xA;       return =&gt; 0&#xA;&#xA;&#xA;----------------------------------------------------------------------&#xA;-----                          Event 10                          -----&#xA;----------------------------------------------------------------------&#xA;   Stub called: database.h&#xA;     Subprogram: Get_Record&#xA;&#xA;&#xA;----------------------------------------------------------------------&#xA;-----                          Event 11                          -----&#xA;----------------------------------------------------------------------&#xA;   Stub called: database.h&#xA;     Subprogram: Update_Record&#xA;&#xA;&#xA;----------------------------------------------------------------------&#xA;-----                          Event 12                          -----&#xA;----------------------------------------------------------------------&#xA;   Returned from UUT: manager.c&#xA;     Subprogram: Place_Order&#xA;       Table =&gt; 2&#xA;       return =&gt; 0                                             &lt;match&gt;&#xA;&#xA;&#xA;----------------------------------------------------------------------&#xA;-----                          Event 13                          -----&#xA;----------------------------------------------------------------------&#xA;-----                     Range Iteration #4                     -----&#xA;----------------------------------------------------------------------&#xA;&#xA;   Calling UUT: manager.c&#xA;     Subprogram: Place_Order&#xA;       Table =&gt; 3&#xA;       return =&gt; 0&#xA;&#xA;&#xA;----------------------------------------------------------------------&#xA;-----                          Event 14                          -----&#xA;----------------------------------------------------------------------&#xA;   Stub called: database.h&#xA;     Subprogram: Get_Record&#xA;&#xA;&#xA;----------------------------------------------------------------------&#xA;-----                          Event 15                          -----&#xA;----------------------------------------------------------------------&#xA;   Stub called: database.h&#xA;     Subprogram: Update_Record&#xA;&#xA;&#xA;----------------------------------------------------------------------&#xA;-----                          Event 16                          -----&#xA;----------------------------------------------------------------------&#xA;   Returned from UUT: manager.c&#xA;     Subprogram: Place_Order&#xA;       Table =&gt; 3&#xA;       return =&gt; 0                                             &lt;match&gt;&#xA;&#xA;&#xA;   UUT Returned control to Driver ...&#xA;&#xA;End of Test Case&#xA;&#xA;&#xA;&#xA;Expected Results matched 100%                         ( 4 / 4 )   PASS&#xA;Test Status                                                       PASS&#xA;&#xA;                     
            </system-out>
        </testcase>

        <testcase name="manager.Place_Order.manager_Place_Order_TableCount" classname="VectorCAST_MinGW_C++.UnitTesting.ENV_MANAGER" time="0.328124">
            
            <system-out>
PASS 6 / 6  &#xA;&#xA;Execution Report:&#xA; Start of Test Case:   manager_Place_Order_TableCount&#xA;&#xA;----------------------------------------------------------------------&#xA;-----                          Event 1                           -----&#xA;----------------------------------------------------------------------&#xA;-----                     Range Iteration #1                     -----&#xA;----------------------------------------------------------------------&#xA;&#xA;   Calling UUT: manager.c&#xA;     Subprogram: Place_Order&#xA;       Table =&gt; 0&#xA;       return =&gt; 0&#xA;&#xA;&#xA;----------------------------------------------------------------------&#xA;-----                          Event 2                           -----&#xA;----------------------------------------------------------------------&#xA;   Stub called: database.h&#xA;     Subprogram: Get_Record&#xA;&#xA;&#xA;----------------------------------------------------------------------&#xA;-----                          Event 3                           -----&#xA;----------------------------------------------------------------------&#xA;   Stub called: database.h&#xA;     Subprogram: Update_Record&#xA;&#xA;&#xA;----------------------------------------------------------------------&#xA;-----                          Event 4                           -----&#xA;----------------------------------------------------------------------&#xA;   Returned from UUT: manager.c&#xA;     Subprogram: Place_Order&#xA;       Table =&gt; 0&#xA;       return =&gt; 0                                             &lt;match&gt;&#xA;&#xA;&#xA;----------------------------------------------------------------------&#xA;-----                          Event 5                           -----&#xA;----------------------------------------------------------------------&#xA;-----                     Range Iteration #2                     -----&#xA;----------------------------------------------------------------------&#xA;&#xA;   Calling UUT: manager.c&#xA;     Subprogram: Place_Order&#xA;       Table =&gt; 1&#xA;       return =&gt; 0&#xA;&#xA;&#xA;----------------------------------------------------------------------&#xA;-----                          Event 6                           -----&#xA;----------------------------------------------------------------------&#xA;   Stub called: database.h&#xA;     Subprogram: Get_Record&#xA;&#xA;&#xA;----------------------------------------------------------------------&#xA;-----                          Event 7                           -----&#xA;----------------------------------------------------------------------&#xA;   Stub called: database.h&#xA;     Subprogram: Update_Record&#xA;&#xA;&#xA;----------------------------------------------------------------------&#xA;-----                          Event 8                           -----&#xA;----------------------------------------------------------------------&#xA;   Returned from UUT: manager.c&#xA;     Subprogram: Place_Order&#xA;       Table =&gt; 1&#xA;       return =&gt; 0                                             &lt;match&gt;&#xA;&#xA;&#xA;----------------------------------------------------------------------&#xA;-----                          Event 9                           -----&#xA;----------------------------------------------------------------------&#xA;-----                     Range Iteration #3                     -----&#xA;----------------------------------------------------------------------&#xA;&#xA;   Calling UUT: manager.c&#xA;     Subprogram: Place_Order&#xA;       Table =&gt; 2&#xA;       return =&gt; 0&#xA;&#xA;&#xA;----------------------------------------------------------------------&#xA;-----                          Event 10                          -----&#xA;----------------------------------------------------------------------&#xA;   Stub called: database.h&#xA;     Subprogram: Get_Record&#xA;&#xA;&#xA;----------------------------------------------------------------------&#xA;-----                          Event 11                          -----&#xA;----------------------------------------------------------------------&#xA;   Stub called: database.h&#xA;     Subprogram: Update_Record&#xA;&#xA;&#xA;----------------------------------------------------------------------&#xA;-----                          Event 12                          -----&#xA;----------------------------------------------------------------------&#xA;   Returned from UUT: manager.c&#xA;     Subprogram: Place_Order&#xA;       Table =&gt; 2&#xA;       return =&gt; 0                                             &lt;match&gt;&#xA;&#xA;&#xA;----------------------------------------------------------------------&#xA;-----                          Event 13                          -----&#xA;----------------------------------------------------------------------&#xA;-----                     Range Iteration #4                     -----&#xA;----------------------------------------------------------------------&#xA;&#xA;   Calling UUT: manager.c&#xA;     Subprogram: Place_Order&#xA;       Table =&gt; 3&#xA;       return =&gt; 0&#xA;&#xA;&#xA;----------------------------------------------------------------------&#xA;-----                          Event 14                          -----&#xA;----------------------------------------------------------------------&#xA;   Stub called: database.h&#xA;     Subprogram: Get_Record&#xA;&#xA;&#xA;----------------------------------------------------------------------&#xA;-----                          Event 15                          -----&#xA;----------------------------------------------------------------------&#xA;   Stub called: database.h&#xA;     Subprogram: Update_Record&#xA;&#xA;&#xA;----------------------------------------------------------------------&#xA;-----                          Event 16                          -----&#xA;----------------------------------------------------------------------&#xA;   Returned from UUT: manager.c&#xA;     Subprogram: Place_Order&#xA;       Table =&gt; 3&#xA;       return =&gt; 0                                             &lt;match&gt;&#xA;&#xA;&#xA;----------------------------------------------------------------------&#xA;-----                          Event 17                          -----&#xA;----------------------------------------------------------------------&#xA;-----                     Range Iteration #5                     -----&#xA;----------------------------------------------------------------------&#xA;&#xA;   Calling UUT: manager.c&#xA;     Subprogram: Place_Order&#xA;       Table =&gt; 4&#xA;       return =&gt; 0&#xA;&#xA;&#xA;----------------------------------------------------------------------&#xA;-----                          Event 18                          -----&#xA;----------------------------------------------------------------------&#xA;   Stub called: database.h&#xA;     Subprogram: Get_Record&#xA;&#xA;&#xA;----------------------------------------------------------------------&#xA;-----                          Event 19                          -----&#xA;----------------------------------------------------------------------&#xA;   Stub called: database.h&#xA;     Subprogram: Update_Record&#xA;&#xA;&#xA;----------------------------------------------------------------------&#xA;-----                          Event 20                          -----&#xA;----------------------------------------------------------------------&#xA;   Returned from UUT: manager.c&#xA;     Subprogram: Place_Order&#xA;       Table =&gt; 4&#xA;       return =&gt; 0                                             &lt;match&gt;&#xA;&#xA;&#xA;----------------------------------------------------------------------&#xA;-----                          Event 21                          -----&#xA;----------------------------------------------------------------------&#xA;-----                     Range Iteration #6                     -----&#xA;----------------------------------------------------------------------&#xA;&#xA;   Calling UUT: manager.c&#xA;     Subprogram: Place_Order&#xA;       Table =&gt; 5&#xA;       return =&gt; 0&#xA;&#xA;&#xA;----------------------------------------------------------------------&#xA;-----                          Event 22                          -----&#xA;----------------------------------------------------------------------&#xA;   Stub called: database.h&#xA;     Subprogram: Get_Record&#xA;&#xA;&#xA;----------------------------------------------------------------------&#xA;-----                          Event 23                          -----&#xA;----------------------------------------------------------------------&#xA;   Stub called: database.h&#xA;     Subprogram: Update_Record&#xA;&#xA;&#xA;----------------------------------------------------------------------&#xA;-----                          Event 24                          -----&#xA;----------------------------------------------------------------------&#xA;   Returned from UUT: manager.c&#xA;     Subprogram: Place_Order&#xA;       Table =&gt; 5&#xA;       return =&gt; 0                                             &lt;match&gt;&#xA;&#xA;&#xA;   UUT Returned control to Driver ...&#xA;&#xA;End of Test Case&#xA;&#xA;&#xA;&#xA;Expected Results matched 100%                         ( 6 / 6 )   PASS&#xA;Test Status                                                       PASS&#xA;&#xA;                     
            </system-out>
        </testcase>
   </testsuite>
</testsuites>
