<?xml version="1.0" encoding="UTF-8"?>
<testsuites>
    <testsuite errors="0" tests="30" failures="0" name="ENV_MATRIX_MULTIPLY" id="1">

        <testcase name="matrix_multiply.matrix_multiply.FAILURESIZERANDOM(2X2X3X2)" classname="VectorCAST_MinGW_C++.UnitTesting.ENV_MATRIX_MULTIPLY" time="0.0">
            
            <skipped/>

            <system-out>
Skipped by VectorCAST Change Based Testing.  Last execution data shown.&#xA;&#xA;PASS 1 / 1  &#xA;&#xA;Execution Report:&#xA; Start of Test Case:   FAILURESIZERANDOM(2X2X3X2)&#xA;&#xA;----------------------------------------------------------------------&#xA;-----                          Event 1                           -----&#xA;----------------------------------------------------------------------&#xA;   Calling UUT: matrix_multiply.c&#xA;     Subprogram: matrix_multiply&#xA;       M1&#xA;         [0] &#xA;           row =&gt; 2&#xA;           col =&gt; 2&#xA;           matrix&#xA;             [0] &#xA;               [0] =&gt; 84&#xA;               [1] =&gt; 68&#xA;               [2] =&gt; 0&#xA;               [3] =&gt; 0&#xA;             [1] &#xA;               [0] =&gt; 59&#xA;               [1] =&gt; 96&#xA;               [2] =&gt; 0&#xA;               [3] =&gt; 0&#xA;             [2] &#xA;               [0] =&gt; 0&#xA;               [1] =&gt; 0&#xA;               [2] =&gt; 0&#xA;               [3] =&gt; 0&#xA;             [3] &#xA;               [0] =&gt; 0&#xA;               [1] =&gt; 0&#xA;               [2] =&gt; 0&#xA;               [3] =&gt; 0&#xA;       M2&#xA;         [0] &#xA;           row =&gt; 3&#xA;           col =&gt; 2&#xA;           matrix&#xA;             [0] &#xA;               [0] =&gt; 62&#xA;               [1] =&gt; 17&#xA;               [2] =&gt; 0&#xA;               [3] =&gt; 0&#xA;             [1] &#xA;               [0] =&gt; 31&#xA;               [1] =&gt; 68&#xA;               [2] =&gt; 0&#xA;               [3] =&gt; 0&#xA;             [2] &#xA;               [0] =&gt; 88&#xA;               [1] =&gt; 24&#xA;               [2] =&gt; 0&#xA;               [3] =&gt; 0&#xA;             [3] &#xA;               [0] =&gt; 0&#xA;               [1] =&gt; 0&#xA;               [2] =&gt; 0&#xA;               [3] =&gt; 0&#xA;       return =&gt; 0&#xA;&#xA;&#xA;----------------------------------------------------------------------&#xA;-----                          Event 2                           -----&#xA;----------------------------------------------------------------------&#xA;   Returned from UUT: matrix_multiply.c&#xA;     Subprogram: matrix_multiply&#xA;       M1&#xA;         [0] &#xA;           row =&gt; 2&#xA;           col =&gt; 2&#xA;           matrix&#xA;             [0] &#xA;               [0] =&gt; 84&#xA;               [1] =&gt; 68&#xA;               [2] =&gt; 0&#xA;               [3] =&gt; 0&#xA;             [1] &#xA;               [0] =&gt; 59&#xA;               [1] =&gt; 96&#xA;               [2] =&gt; 0&#xA;               [3] =&gt; 0&#xA;             [2] &#xA;               [0] =&gt; 0&#xA;               [1] =&gt; 0&#xA;               [2] =&gt; 0&#xA;               [3] =&gt; 0&#xA;             [3] &#xA;               [0] =&gt; 0&#xA;               [1] =&gt; 0&#xA;               [2] =&gt; 0&#xA;               [3] =&gt; 0&#xA;       M2&#xA;         [0] &#xA;           row =&gt; 3&#xA;           col =&gt; 2&#xA;           matrix&#xA;             [0] &#xA;               [0] =&gt; 62&#xA;               [1] =&gt; 17&#xA;               [2] =&gt; 0&#xA;               [3] =&gt; 0&#xA;             [1] &#xA;               [0] =&gt; 31&#xA;               [1] =&gt; 68&#xA;               [2] =&gt; 0&#xA;               [3] =&gt; 0&#xA;             [2] &#xA;               [0] =&gt; 88&#xA;               [1] =&gt; 24&#xA;               [2] =&gt; 0&#xA;               [3] =&gt; 0&#xA;             [3] &#xA;               [0] =&gt; 0&#xA;               [1] =&gt; 0&#xA;               [2] =&gt; 0&#xA;               [3] =&gt; 0&#xA;       return =&gt; -1                                            &lt;match&gt;&#xA;&#xA;&#xA;   UUT Returned control to Driver ...&#xA;&#xA;End of Test Case&#xA;&#xA;&#xA;&#xA;Expected Results matched 100%                         ( 1 / 1 )   PASS&#xA;Test Status                                                       PASS&#xA;&#xA;                     
            </system-out>
        </testcase>

        <testcase name="matrix_multiply.matrix_multiply.FAILURESIZERANDOM(3X3X2X1)" classname="VectorCAST_MinGW_C++.UnitTesting.ENV_MATRIX_MULTIPLY" time="0.0">
            
            <skipped/>

            <system-out>
Skipped by VectorCAST Change Based Testing.  Last execution data shown.&#xA;&#xA;PASS 1 / 1  &#xA;&#xA;Execution Report:&#xA; Start of Test Case:   FAILURESIZERANDOM(3X3X2X1)&#xA;&#xA;----------------------------------------------------------------------&#xA;-----                          Event 1                           -----&#xA;----------------------------------------------------------------------&#xA;   Calling UUT: matrix_multiply.c&#xA;     Subprogram: matrix_multiply&#xA;       M1&#xA;         [0] &#xA;           row =&gt; 3&#xA;           col =&gt; 3&#xA;           matrix&#xA;             [0] &#xA;               [0] =&gt; 42&#xA;               [1] =&gt; 58&#xA;               [2] =&gt; 11&#xA;               [3] =&gt; 0&#xA;             [1] &#xA;               [0] =&gt; 48&#xA;               [1] =&gt; 17&#xA;               [2] =&gt; 88&#xA;               [3] =&gt; 0&#xA;             [2] &#xA;               [0] =&gt; 72&#xA;               [1] =&gt; 22&#xA;               [2] =&gt; 49&#xA;               [3] =&gt; 0&#xA;             [3] &#xA;               [0] =&gt; 0&#xA;               [1] =&gt; 0&#xA;               [2] =&gt; 0&#xA;               [3] =&gt; 0&#xA;       M2&#xA;         [0] &#xA;           row =&gt; 2&#xA;           col =&gt; 1&#xA;           matrix&#xA;             [0] &#xA;               [0] =&gt; 59&#xA;               [1] =&gt; 0&#xA;               [2] =&gt; 0&#xA;               [3] =&gt; 0&#xA;             [1] &#xA;               [0] =&gt; 24&#xA;               [1] =&gt; 0&#xA;               [2] =&gt; 0&#xA;               [3] =&gt; 0&#xA;             [2] &#xA;               [0] =&gt; 0&#xA;               [1] =&gt; 0&#xA;               [2] =&gt; 0&#xA;               [3] =&gt; 0&#xA;             [3] &#xA;               [0] =&gt; 0&#xA;               [1] =&gt; 0&#xA;               [2] =&gt; 0&#xA;               [3] =&gt; 0&#xA;       return =&gt; 0&#xA;&#xA;&#xA;----------------------------------------------------------------------&#xA;-----                          Event 2                           -----&#xA;----------------------------------------------------------------------&#xA;   Returned from UUT: matrix_multiply.c&#xA;     Subprogram: matrix_multiply&#xA;       M1&#xA;         [0] &#xA;           row =&gt; 3&#xA;           col =&gt; 3&#xA;           matrix&#xA;             [0] &#xA;               [0] =&gt; 42&#xA;               [1] =&gt; 58&#xA;               [2] =&gt; 11&#xA;               [3] =&gt; 0&#xA;             [1] &#xA;               [0] =&gt; 48&#xA;               [1] =&gt; 17&#xA;               [2] =&gt; 88&#xA;               [3] =&gt; 0&#xA;             [2] &#xA;               [0] =&gt; 72&#xA;               [1] =&gt; 22&#xA;               [2] =&gt; 49&#xA;               [3] =&gt; 0&#xA;             [3] &#xA;               [0] =&gt; 0&#xA;               [1] =&gt; 0&#xA;               [2] =&gt; 0&#xA;               [3] =&gt; 0&#xA;       M2&#xA;         [0] &#xA;           row =&gt; 2&#xA;           col =&gt; 1&#xA;           matrix&#xA;             [0] &#xA;               [0] =&gt; 59&#xA;               [1] =&gt; 0&#xA;               [2] =&gt; 0&#xA;               [3] =&gt; 0&#xA;             [1] &#xA;               [0] =&gt; 24&#xA;               [1] =&gt; 0&#xA;               [2] =&gt; 0&#xA;               [3] =&gt; 0&#xA;             [2] &#xA;               [0] =&gt; 0&#xA;               [1] =&gt; 0&#xA;               [2] =&gt; 0&#xA;               [3] =&gt; 0&#xA;             [3] &#xA;               [0] =&gt; 0&#xA;               [1] =&gt; 0&#xA;               [2] =&gt; 0&#xA;               [3] =&gt; 0&#xA;       return =&gt; -1                                            &lt;match&gt;&#xA;&#xA;&#xA;   UUT Returned control to Driver ...&#xA;&#xA;End of Test Case&#xA;&#xA;&#xA;&#xA;Expected Results matched 100%                         ( 1 / 1 )   PASS&#xA;Test Status                                                       PASS&#xA;&#xA;                     
            </system-out>
        </testcase>

        <testcase name="matrix_multiply.matrix_multiply.FAILURESIZERANDOM(3X4X1X3)" classname="VectorCAST_MinGW_C++.UnitTesting.ENV_MATRIX_MULTIPLY" time="0.0">
            
            <skipped/>

            <system-out>
Skipped by VectorCAST Change Based Testing.  Last execution data shown.&#xA;&#xA;PASS 1 / 1  &#xA;&#xA;Execution Report:&#xA; Start of Test Case:   FAILURESIZERANDOM(3X4X1X3)&#xA;&#xA;----------------------------------------------------------------------&#xA;-----                          Event 1                           -----&#xA;----------------------------------------------------------------------&#xA;   Calling UUT: matrix_multiply.c&#xA;     Subprogram: matrix_multiply&#xA;       M1&#xA;         [0] &#xA;           row =&gt; 3&#xA;           col =&gt; 4&#xA;           matrix&#xA;             [0] &#xA;               [0] =&gt; 41&#xA;               [1] =&gt; 90&#xA;               [2] =&gt; 41&#xA;               [3] =&gt; 95&#xA;             [1] &#xA;               [0] =&gt; 30&#xA;               [1] =&gt; 44&#xA;               [2] =&gt; 52&#xA;               [3] =&gt; 12&#xA;             [2] &#xA;               [0] =&gt; 49&#xA;               [1] =&gt; 94&#xA;               [2] =&gt; 9&#xA;               [3] =&gt; 77&#xA;             [3] &#xA;               [0] =&gt; 0&#xA;               [1] =&gt; 0&#xA;               [2] =&gt; 0&#xA;               [3] =&gt; 0&#xA;       M2&#xA;         [0] &#xA;           row =&gt; 1&#xA;           col =&gt; 3&#xA;           matrix&#xA;             [0] &#xA;               [0] =&gt; 13&#xA;               [1] =&gt; 79&#xA;               [2] =&gt; 22&#xA;               [3] =&gt; 0&#xA;             [1] &#xA;               [0] =&gt; 0&#xA;               [1] =&gt; 0&#xA;               [2] =&gt; 0&#xA;               [3] =&gt; 0&#xA;             [2] &#xA;               [0] =&gt; 0&#xA;               [1] =&gt; 0&#xA;               [2] =&gt; 0&#xA;               [3] =&gt; 0&#xA;             [3] &#xA;               [0] =&gt; 0&#xA;               [1] =&gt; 0&#xA;               [2] =&gt; 0&#xA;               [3] =&gt; 0&#xA;       return =&gt; 0&#xA;&#xA;&#xA;----------------------------------------------------------------------&#xA;-----                          Event 2                           -----&#xA;----------------------------------------------------------------------&#xA;   Returned from UUT: matrix_multiply.c&#xA;     Subprogram: matrix_multiply&#xA;       M1&#xA;         [0] &#xA;           row =&gt; 3&#xA;           col =&gt; 4&#xA;           matrix&#xA;             [0] &#xA;               [0] =&gt; 41&#xA;               [1] =&gt; 90&#xA;               [2] =&gt; 41&#xA;               [3] =&gt; 95&#xA;             [1] &#xA;               [0] =&gt; 30&#xA;               [1] =&gt; 44&#xA;               [2] =&gt; 52&#xA;               [3] =&gt; 12&#xA;             [2] &#xA;               [0] =&gt; 49&#xA;               [1] =&gt; 94&#xA;               [2] =&gt; 9&#xA;               [3] =&gt; 77&#xA;             [3] &#xA;               [0] =&gt; 0&#xA;               [1] =&gt; 0&#xA;               [2] =&gt; 0&#xA;               [3] =&gt; 0&#xA;       M2&#xA;         [0] &#xA;           row =&gt; 1&#xA;           col =&gt; 3&#xA;           matrix&#xA;             [0] &#xA;               [0] =&gt; 13&#xA;               [1] =&gt; 79&#xA;               [2] =&gt; 22&#xA;               [3] =&gt; 0&#xA;             [1] &#xA;               [0] =&gt; 0&#xA;               [1] =&gt; 0&#xA;               [2] =&gt; 0&#xA;               [3] =&gt; 0&#xA;             [2] &#xA;               [0] =&gt; 0&#xA;               [1] =&gt; 0&#xA;               [2] =&gt; 0&#xA;               [3] =&gt; 0&#xA;             [3] &#xA;               [0] =&gt; 0&#xA;               [1] =&gt; 0&#xA;               [2] =&gt; 0&#xA;               [3] =&gt; 0&#xA;       return =&gt; -1                                            &lt;match&gt;&#xA;&#xA;&#xA;   UUT Returned control to Driver ...&#xA;&#xA;End of Test Case&#xA;&#xA;&#xA;&#xA;Expected Results matched 100%                         ( 1 / 1 )   PASS&#xA;Test Status                                                       PASS&#xA;&#xA;                     
            </system-out>
        </testcase>

        <testcase name="matrix_multiply.matrix_multiply.FAILURESIZERANDOM(4X1X4X1)" classname="VectorCAST_MinGW_C++.UnitTesting.ENV_MATRIX_MULTIPLY" time="0.0">
            
            <skipped/>

            <system-out>
Skipped by VectorCAST Change Based Testing.  Last execution data shown.&#xA;&#xA;PASS 1 / 1  &#xA;&#xA;Execution Report:&#xA; Start of Test Case:   FAILURESIZERANDOM(4X1X4X1)&#xA;&#xA;----------------------------------------------------------------------&#xA;-----                          Event 1                           -----&#xA;----------------------------------------------------------------------&#xA;   Calling UUT: matrix_multiply.c&#xA;     Subprogram: matrix_multiply&#xA;       M1&#xA;         [0] &#xA;           row =&gt; 4&#xA;           col =&gt; 1&#xA;           matrix&#xA;             [0] &#xA;               [0] =&gt; 74&#xA;               [1] =&gt; 0&#xA;               [2] =&gt; 0&#xA;               [3] =&gt; 0&#xA;             [1] &#xA;               [0] =&gt; 24&#xA;               [1] =&gt; 0&#xA;               [2] =&gt; 0&#xA;               [3] =&gt; 0&#xA;             [2] &#xA;               [0] =&gt; 60&#xA;               [1] =&gt; 0&#xA;               [2] =&gt; 0&#xA;               [3] =&gt; 0&#xA;             [3] &#xA;               [0] =&gt; 43&#xA;               [1] =&gt; 0&#xA;               [2] =&gt; 0&#xA;               [3] =&gt; 0&#xA;       M2&#xA;         [0] &#xA;           row =&gt; 4&#xA;           col =&gt; 1&#xA;           matrix&#xA;             [0] &#xA;               [0] =&gt; 47&#xA;               [1] =&gt; 0&#xA;               [2] =&gt; 0&#xA;               [3] =&gt; 0&#xA;             [1] &#xA;               [0] =&gt; 77&#xA;               [1] =&gt; 0&#xA;               [2] =&gt; 0&#xA;               [3] =&gt; 0&#xA;             [2] &#xA;               [0] =&gt; 93&#xA;               [1] =&gt; 0&#xA;               [2] =&gt; 0&#xA;               [3] =&gt; 0&#xA;             [3] &#xA;               [0] =&gt; 88&#xA;               [1] =&gt; 0&#xA;               [2] =&gt; 0&#xA;               [3] =&gt; 0&#xA;       return =&gt; 0&#xA;&#xA;&#xA;----------------------------------------------------------------------&#xA;-----                          Event 2                           -----&#xA;----------------------------------------------------------------------&#xA;   Returned from UUT: matrix_multiply.c&#xA;     Subprogram: matrix_multiply&#xA;       M1&#xA;         [0] &#xA;           row =&gt; 4&#xA;           col =&gt; 1&#xA;           matrix&#xA;             [0] &#xA;               [0] =&gt; 74&#xA;               [1] =&gt; 0&#xA;               [2] =&gt; 0&#xA;               [3] =&gt; 0&#xA;             [1] &#xA;               [0] =&gt; 24&#xA;               [1] =&gt; 0&#xA;               [2] =&gt; 0&#xA;               [3] =&gt; 0&#xA;             [2] &#xA;               [0] =&gt; 60&#xA;               [1] =&gt; 0&#xA;               [2] =&gt; 0&#xA;               [3] =&gt; 0&#xA;             [3] &#xA;               [0] =&gt; 43&#xA;               [1] =&gt; 0&#xA;               [2] =&gt; 0&#xA;               [3] =&gt; 0&#xA;       M2&#xA;         [0] &#xA;           row =&gt; 4&#xA;           col =&gt; 1&#xA;           matrix&#xA;             [0] &#xA;               [0] =&gt; 47&#xA;               [1] =&gt; 0&#xA;               [2] =&gt; 0&#xA;               [3] =&gt; 0&#xA;             [1] &#xA;               [0] =&gt; 77&#xA;               [1] =&gt; 0&#xA;               [2] =&gt; 0&#xA;               [3] =&gt; 0&#xA;             [2] &#xA;               [0] =&gt; 93&#xA;               [1] =&gt; 0&#xA;               [2] =&gt; 0&#xA;               [3] =&gt; 0&#xA;             [3] &#xA;               [0] =&gt; 88&#xA;               [1] =&gt; 0&#xA;               [2] =&gt; 0&#xA;               [3] =&gt; 0&#xA;       return =&gt; -1                                            &lt;match&gt;&#xA;&#xA;&#xA;   UUT Returned control to Driver ...&#xA;&#xA;End of Test Case&#xA;&#xA;&#xA;&#xA;Expected Results matched 100%                         ( 1 / 1 )   PASS&#xA;Test Status                                                       PASS&#xA;&#xA;                     
            </system-out>
        </testcase>

        <testcase name="matrix_multiply.matrix_multiply.IDENTITYRAND1" classname="VectorCAST_MinGW_C++.UnitTesting.ENV_MATRIX_MULTIPLY" time="0.0">
            
            <skipped/>

            <system-out>
Skipped by VectorCAST Change Based Testing.  Last execution data shown.&#xA;&#xA;PASS 19 / 19  &#xA;&#xA;Execution Report:&#xA; Start of Test Case:   IDENTITYRAND1&#xA;&#xA;----------------------------------------------------------------------&#xA;-----                          Event 1                           -----&#xA;----------------------------------------------------------------------&#xA;   Calling UUT: matrix_multiply.c&#xA;     Subprogram: matrix_multiply&#xA;       M1&#xA;         [0] &#xA;           row =&gt; 4&#xA;           col =&gt; 4&#xA;           matrix&#xA;             [0] &#xA;               [0] =&gt; 1&#xA;               [1] =&gt; 0&#xA;               [2] =&gt; 0&#xA;               [3] =&gt; 0&#xA;             [1] &#xA;               [0] =&gt; 0&#xA;               [1] =&gt; 1&#xA;               [2] =&gt; 0&#xA;               [3] =&gt; 0&#xA;             [2] &#xA;               [0] =&gt; 0&#xA;               [1] =&gt; 0&#xA;               [2] =&gt; 1&#xA;               [3] =&gt; 0&#xA;             [3] &#xA;               [0] =&gt; 0&#xA;               [1] =&gt; 0&#xA;               [2] =&gt; 0&#xA;               [3] =&gt; 1&#xA;       M2&#xA;         [0] &#xA;           row =&gt; 4&#xA;           col =&gt; 4&#xA;           matrix&#xA;             [0] &#xA;               [0] =&gt; 68&#xA;               [1] =&gt; 93&#xA;               [2] =&gt; 76&#xA;               [3] =&gt; 60&#xA;             [1] &#xA;               [0] =&gt; 63&#xA;               [1] =&gt; 20&#xA;               [2] =&gt; 72&#xA;               [3] =&gt; 75&#xA;             [2] &#xA;               [0] =&gt; 80&#xA;               [1] =&gt; 69&#xA;               [2] =&gt; 100&#xA;               [3] =&gt; 78&#xA;             [3] &#xA;               [0] =&gt; 98&#xA;               [1] =&gt; 31&#xA;               [2] =&gt; 24&#xA;               [3] =&gt; 45&#xA;       result&#xA;         [0] &#xA;           row =&gt; 0&#xA;           col =&gt; 0&#xA;           matrix&#xA;             [0] &#xA;               [0] =&gt; 0&#xA;               [1] =&gt; 0&#xA;               [2] =&gt; 0&#xA;               [3] =&gt; 0&#xA;             [1] &#xA;               [0] =&gt; 0&#xA;               [1] =&gt; 0&#xA;               [2] =&gt; 0&#xA;               [3] =&gt; 0&#xA;             [2] &#xA;               [0] =&gt; 0&#xA;               [1] =&gt; 0&#xA;               [2] =&gt; 0&#xA;               [3] =&gt; 0&#xA;             [3] &#xA;               [0] =&gt; 0&#xA;               [1] =&gt; 0&#xA;               [2] =&gt; 0&#xA;               [3] =&gt; 0&#xA;       return =&gt; 0&#xA;&#xA;&#xA;----------------------------------------------------------------------&#xA;-----                          Event 2                           -----&#xA;----------------------------------------------------------------------&#xA;   Returned from UUT: matrix_multiply.c&#xA;     Subprogram: matrix_multiply&#xA;       M1&#xA;         [0] &#xA;           row =&gt; 4&#xA;           col =&gt; 4&#xA;           matrix&#xA;             [0] &#xA;               [0] =&gt; 1&#xA;               [1] =&gt; 0&#xA;               [2] =&gt; 0&#xA;               [3] =&gt; 0&#xA;             [1] &#xA;               [0] =&gt; 0&#xA;               [1] =&gt; 1&#xA;               [2] =&gt; 0&#xA;               [3] =&gt; 0&#xA;             [2] &#xA;               [0] =&gt; 0&#xA;               [1] =&gt; 0&#xA;               [2] =&gt; 1&#xA;               [3] =&gt; 0&#xA;             [3] &#xA;               [0] =&gt; 0&#xA;               [1] =&gt; 0&#xA;               [2] =&gt; 0&#xA;               [3] =&gt; 1&#xA;       M2&#xA;         [0] &#xA;           row =&gt; 4&#xA;           col =&gt; 4&#xA;           matrix&#xA;             [0] &#xA;               [0] =&gt; 68&#xA;               [1] =&gt; 93&#xA;               [2] =&gt; 76&#xA;               [3] =&gt; 60&#xA;             [1] &#xA;               [0] =&gt; 63&#xA;               [1] =&gt; 20&#xA;               [2] =&gt; 72&#xA;               [3] =&gt; 75&#xA;             [2] &#xA;               [0] =&gt; 80&#xA;               [1] =&gt; 69&#xA;               [2] =&gt; 100&#xA;               [3] =&gt; 78&#xA;             [3] &#xA;               [0] =&gt; 98&#xA;               [1] =&gt; 31&#xA;               [2] =&gt; 24&#xA;               [3] =&gt; 45&#xA;       result&#xA;         [0] &#xA;           row =&gt; 4                                            &lt;match&gt;&#xA;           col =&gt; 4                                            &lt;match&gt;&#xA;           matrix&#xA;             [0] &#xA;               [0] =&gt; 68                                       &lt;match&gt;&#xA;               [1] =&gt; 93                                       &lt;match&gt;&#xA;               [2] =&gt; 76                                       &lt;match&gt;&#xA;               [3] =&gt; 60                                       &lt;match&gt;&#xA;             [1] &#xA;               [0] =&gt; 63                                       &lt;match&gt;&#xA;               [1] =&gt; 20                                       &lt;match&gt;&#xA;               [2] =&gt; 72                                       &lt;match&gt;&#xA;               [3] =&gt; 75                                       &lt;match&gt;&#xA;             [2] &#xA;               [0] =&gt; 80                                       &lt;match&gt;&#xA;               [1] =&gt; 69                                       &lt;match&gt;&#xA;               [2] =&gt; 100                                      &lt;match&gt;&#xA;               [3] =&gt; 78                                       &lt;match&gt;&#xA;             [3] &#xA;               [0] =&gt; 98                                       &lt;match&gt;&#xA;               [1] =&gt; 31                                       &lt;match&gt;&#xA;               [2] =&gt; 24                                       &lt;match&gt;&#xA;               [3] =&gt; 45                                       &lt;match&gt;&#xA;       return =&gt; 0                                             &lt;match&gt;&#xA;&#xA;&#xA;   UUT Returned control to Driver ...&#xA;&#xA;End of Test Case&#xA;&#xA;&#xA;&#xA;Expected Results matched 100%                       ( 19 / 19 )   PASS&#xA;Test Status                                                       PASS&#xA;&#xA;                     
            </system-out>
        </testcase>

        <testcase name="matrix_multiply.matrix_multiply.IDENTITYRAND2" classname="VectorCAST_MinGW_C++.UnitTesting.ENV_MATRIX_MULTIPLY" time="0.0">
            
            <skipped/>

            <system-out>
Skipped by VectorCAST Change Based Testing.  Last execution data shown.&#xA;&#xA;PASS 19 / 19  &#xA;&#xA;Execution Report:&#xA; Start of Test Case:   IDENTITYRAND2&#xA;&#xA;----------------------------------------------------------------------&#xA;-----                          Event 1                           -----&#xA;----------------------------------------------------------------------&#xA;   Calling UUT: matrix_multiply.c&#xA;     Subprogram: matrix_multiply&#xA;       M1&#xA;         [0] &#xA;           row =&gt; 4&#xA;           col =&gt; 4&#xA;           matrix&#xA;             [0] &#xA;               [0] =&gt; 1&#xA;               [1] =&gt; 0&#xA;               [2] =&gt; 0&#xA;               [3] =&gt; 0&#xA;             [1] &#xA;               [0] =&gt; 0&#xA;               [1] =&gt; 1&#xA;               [2] =&gt; 0&#xA;               [3] =&gt; 0&#xA;             [2] &#xA;               [0] =&gt; 0&#xA;               [1] =&gt; 0&#xA;               [2] =&gt; 1&#xA;               [3] =&gt; 0&#xA;             [3] &#xA;               [0] =&gt; 0&#xA;               [1] =&gt; 0&#xA;               [2] =&gt; 0&#xA;               [3] =&gt; 1&#xA;       M2&#xA;         [0] &#xA;           row =&gt; 4&#xA;           col =&gt; 4&#xA;           matrix&#xA;             [0] &#xA;               [0] =&gt; 88&#xA;               [1] =&gt; 54&#xA;               [2] =&gt; 6&#xA;               [3] =&gt; 96&#xA;             [1] &#xA;               [0] =&gt; 87&#xA;               [1] =&gt; 21&#xA;               [2] =&gt; 69&#xA;               [3] =&gt; 29&#xA;             [2] &#xA;               [0] =&gt; 52&#xA;               [1] =&gt; 21&#xA;               [2] =&gt; 35&#xA;               [3] =&gt; 95&#xA;             [3] &#xA;               [0] =&gt; 43&#xA;               [1] =&gt; 73&#xA;               [2] =&gt; 45&#xA;               [3] =&gt; 23&#xA;       result&#xA;         [0] &#xA;           row =&gt; 0&#xA;           col =&gt; 0&#xA;           matrix&#xA;             [0] &#xA;               [0] =&gt; 0&#xA;               [1] =&gt; 0&#xA;               [2] =&gt; 0&#xA;               [3] =&gt; 0&#xA;             [1] &#xA;               [0] =&gt; 0&#xA;               [1] =&gt; 0&#xA;               [2] =&gt; 0&#xA;               [3] =&gt; 0&#xA;             [2] &#xA;               [0] =&gt; 0&#xA;               [1] =&gt; 0&#xA;               [2] =&gt; 0&#xA;               [3] =&gt; 0&#xA;             [3] &#xA;               [0] =&gt; 0&#xA;               [1] =&gt; 0&#xA;               [2] =&gt; 0&#xA;               [3] =&gt; 0&#xA;       return =&gt; 0&#xA;&#xA;&#xA;----------------------------------------------------------------------&#xA;-----                          Event 2                           -----&#xA;----------------------------------------------------------------------&#xA;   Returned from UUT: matrix_multiply.c&#xA;     Subprogram: matrix_multiply&#xA;       M1&#xA;         [0] &#xA;           row =&gt; 4&#xA;           col =&gt; 4&#xA;           matrix&#xA;             [0] &#xA;               [0] =&gt; 1&#xA;               [1] =&gt; 0&#xA;               [2] =&gt; 0&#xA;               [3] =&gt; 0&#xA;             [1] &#xA;               [0] =&gt; 0&#xA;               [1] =&gt; 1&#xA;               [2] =&gt; 0&#xA;               [3] =&gt; 0&#xA;             [2] &#xA;               [0] =&gt; 0&#xA;               [1] =&gt; 0&#xA;               [2] =&gt; 1&#xA;               [3] =&gt; 0&#xA;             [3] &#xA;               [0] =&gt; 0&#xA;               [1] =&gt; 0&#xA;               [2] =&gt; 0&#xA;               [3] =&gt; 1&#xA;       M2&#xA;         [0] &#xA;           row =&gt; 4&#xA;           col =&gt; 4&#xA;           matrix&#xA;             [0] &#xA;               [0] =&gt; 88&#xA;               [1] =&gt; 54&#xA;               [2] =&gt; 6&#xA;               [3] =&gt; 96&#xA;             [1] &#xA;               [0] =&gt; 87&#xA;               [1] =&gt; 21&#xA;               [2] =&gt; 69&#xA;               [3] =&gt; 29&#xA;             [2] &#xA;               [0] =&gt; 52&#xA;               [1] =&gt; 21&#xA;               [2] =&gt; 35&#xA;               [3] =&gt; 95&#xA;             [3] &#xA;               [0] =&gt; 43&#xA;               [1] =&gt; 73&#xA;               [2] =&gt; 45&#xA;               [3] =&gt; 23&#xA;       result&#xA;         [0] &#xA;           row =&gt; 4                                            &lt;match&gt;&#xA;           col =&gt; 4                                            &lt;match&gt;&#xA;           matrix&#xA;             [0] &#xA;               [0] =&gt; 88                                       &lt;match&gt;&#xA;               [1] =&gt; 54                                       &lt;match&gt;&#xA;               [2] =&gt; 6                                        &lt;match&gt;&#xA;               [3] =&gt; 96                                       &lt;match&gt;&#xA;             [1] &#xA;               [0] =&gt; 87                                       &lt;match&gt;&#xA;               [1] =&gt; 21                                       &lt;match&gt;&#xA;               [2] =&gt; 69                                       &lt;match&gt;&#xA;               [3] =&gt; 29                                       &lt;match&gt;&#xA;             [2] &#xA;               [0] =&gt; 52                                       &lt;match&gt;&#xA;               [1] =&gt; 21                                       &lt;match&gt;&#xA;               [2] =&gt; 35                                       &lt;match&gt;&#xA;               [3] =&gt; 95                                       &lt;match&gt;&#xA;             [3] &#xA;               [0] =&gt; 43                                       &lt;match&gt;&#xA;               [1] =&gt; 73                                       &lt;match&gt;&#xA;               [2] =&gt; 45                                       &lt;match&gt;&#xA;               [3] =&gt; 23                                       &lt;match&gt;&#xA;       return =&gt; 0                                             &lt;match&gt;&#xA;&#xA;&#xA;   UUT Returned control to Driver ...&#xA;&#xA;End of Test Case&#xA;&#xA;&#xA;&#xA;Expected Results matched 100%                       ( 19 / 19 )   PASS&#xA;Test Status                                                       PASS&#xA;&#xA;                     
            </system-out>
        </testcase>

        <testcase name="matrix_multiply.matrix_multiply.IDENTITYRAND3" classname="VectorCAST_MinGW_C++.UnitTesting.ENV_MATRIX_MULTIPLY" time="0.0">
            
            <skipped/>

            <system-out>
Skipped by VectorCAST Change Based Testing.  Last execution data shown.&#xA;&#xA;PASS 19 / 19  &#xA;&#xA;Execution Report:&#xA; Start of Test Case:   IDENTITYRAND3&#xA;&#xA;----------------------------------------------------------------------&#xA;-----                          Event 1                           -----&#xA;----------------------------------------------------------------------&#xA;   Calling UUT: matrix_multiply.c&#xA;     Subprogram: matrix_multiply&#xA;       M1&#xA;         [0] &#xA;           row =&gt; 4&#xA;           col =&gt; 4&#xA;           matrix&#xA;             [0] &#xA;               [0] =&gt; 1&#xA;               [1] =&gt; 0&#xA;               [2] =&gt; 0&#xA;               [3] =&gt; 0&#xA;             [1] &#xA;               [0] =&gt; 0&#xA;               [1] =&gt; 1&#xA;               [2] =&gt; 0&#xA;               [3] =&gt; 0&#xA;             [2] &#xA;               [0] =&gt; 0&#xA;               [1] =&gt; 0&#xA;               [2] =&gt; 1&#xA;               [3] =&gt; 0&#xA;             [3] &#xA;               [0] =&gt; 0&#xA;               [1] =&gt; 0&#xA;               [2] =&gt; 0&#xA;               [3] =&gt; 1&#xA;       M2&#xA;         [0] &#xA;           row =&gt; 4&#xA;           col =&gt; 4&#xA;           matrix&#xA;             [0] &#xA;               [0] =&gt; 23&#xA;               [1] =&gt; 87&#xA;               [2] =&gt; 27&#xA;               [3] =&gt; 93&#xA;             [1] &#xA;               [0] =&gt; 4&#xA;               [1] =&gt; 89&#xA;               [2] =&gt; 14&#xA;               [3] =&gt; 51&#xA;             [2] &#xA;               [0] =&gt; 21&#xA;               [1] =&gt; 61&#xA;               [2] =&gt; 69&#xA;               [3] =&gt; 11&#xA;             [3] &#xA;               [0] =&gt; 81&#xA;               [1] =&gt; 7&#xA;               [2] =&gt; 22&#xA;               [3] =&gt; 95&#xA;       result&#xA;         [0] &#xA;           row =&gt; 0&#xA;           col =&gt; 0&#xA;           matrix&#xA;             [0] &#xA;               [0] =&gt; 0&#xA;               [1] =&gt; 0&#xA;               [2] =&gt; 0&#xA;               [3] =&gt; 0&#xA;             [1] &#xA;               [0] =&gt; 0&#xA;               [1] =&gt; 0&#xA;               [2] =&gt; 0&#xA;               [3] =&gt; 0&#xA;             [2] &#xA;               [0] =&gt; 0&#xA;               [1] =&gt; 0&#xA;               [2] =&gt; 0&#xA;               [3] =&gt; 0&#xA;             [3] &#xA;               [0] =&gt; 0&#xA;               [1] =&gt; 0&#xA;               [2] =&gt; 0&#xA;               [3] =&gt; 0&#xA;       return =&gt; 0&#xA;&#xA;&#xA;----------------------------------------------------------------------&#xA;-----                          Event 2                           -----&#xA;----------------------------------------------------------------------&#xA;   Returned from UUT: matrix_multiply.c&#xA;     Subprogram: matrix_multiply&#xA;       M1&#xA;         [0] &#xA;           row =&gt; 4&#xA;           col =&gt; 4&#xA;           matrix&#xA;             [0] &#xA;               [0] =&gt; 1&#xA;               [1] =&gt; 0&#xA;               [2] =&gt; 0&#xA;               [3] =&gt; 0&#xA;             [1] &#xA;               [0] =&gt; 0&#xA;               [1] =&gt; 1&#xA;               [2] =&gt; 0&#xA;               [3] =&gt; 0&#xA;             [2] &#xA;               [0] =&gt; 0&#xA;               [1] =&gt; 0&#xA;               [2] =&gt; 1&#xA;               [3] =&gt; 0&#xA;             [3] &#xA;               [0] =&gt; 0&#xA;               [1] =&gt; 0&#xA;               [2] =&gt; 0&#xA;               [3] =&gt; 1&#xA;       M2&#xA;         [0] &#xA;           row =&gt; 4&#xA;           col =&gt; 4&#xA;           matrix&#xA;             [0] &#xA;               [0] =&gt; 23&#xA;               [1] =&gt; 87&#xA;               [2] =&gt; 27&#xA;               [3] =&gt; 93&#xA;             [1] &#xA;               [0] =&gt; 4&#xA;               [1] =&gt; 89&#xA;               [2] =&gt; 14&#xA;               [3] =&gt; 51&#xA;             [2] &#xA;               [0] =&gt; 21&#xA;               [1] =&gt; 61&#xA;               [2] =&gt; 69&#xA;               [3] =&gt; 11&#xA;             [3] &#xA;               [0] =&gt; 81&#xA;               [1] =&gt; 7&#xA;               [2] =&gt; 22&#xA;               [3] =&gt; 95&#xA;       result&#xA;         [0] &#xA;           row =&gt; 4                                            &lt;match&gt;&#xA;           col =&gt; 4                                            &lt;match&gt;&#xA;           matrix&#xA;             [0] &#xA;               [0] =&gt; 23                                       &lt;match&gt;&#xA;               [1] =&gt; 87                                       &lt;match&gt;&#xA;               [2] =&gt; 27                                       &lt;match&gt;&#xA;               [3] =&gt; 93                                       &lt;match&gt;&#xA;             [1] &#xA;               [0] =&gt; 4                                        &lt;match&gt;&#xA;               [1] =&gt; 89                                       &lt;match&gt;&#xA;               [2] =&gt; 14                                       &lt;match&gt;&#xA;               [3] =&gt; 51                                       &lt;match&gt;&#xA;             [2] &#xA;               [0] =&gt; 21                                       &lt;match&gt;&#xA;               [1] =&gt; 61                                       &lt;match&gt;&#xA;               [2] =&gt; 69                                       &lt;match&gt;&#xA;               [3] =&gt; 11                                       &lt;match&gt;&#xA;             [3] &#xA;               [0] =&gt; 81                                       &lt;match&gt;&#xA;               [1] =&gt; 7                                        &lt;match&gt;&#xA;               [2] =&gt; 22                                       &lt;match&gt;&#xA;               [3] =&gt; 95                                       &lt;match&gt;&#xA;       return =&gt; 0                                             &lt;match&gt;&#xA;&#xA;&#xA;   UUT Returned control to Driver ...&#xA;&#xA;End of Test Case&#xA;&#xA;&#xA;&#xA;Expected Results matched 100%                       ( 19 / 19 )   PASS&#xA;Test Status                                                       PASS&#xA;&#xA;                     
            </system-out>
        </testcase>

        <testcase name="matrix_multiply.matrix_multiply.IDENTITYRAND4" classname="VectorCAST_MinGW_C++.UnitTesting.ENV_MATRIX_MULTIPLY" time="0.0">
            
            <skipped/>

            <system-out>
Skipped by VectorCAST Change Based Testing.  Last execution data shown.&#xA;&#xA;PASS 19 / 19  &#xA;&#xA;Execution Report:&#xA; Start of Test Case:   IDENTITYRAND4&#xA;&#xA;----------------------------------------------------------------------&#xA;-----                          Event 1                           -----&#xA;----------------------------------------------------------------------&#xA;   Calling UUT: matrix_multiply.c&#xA;     Subprogram: matrix_multiply&#xA;       M1&#xA;         [0] &#xA;           row =&gt; 4&#xA;           col =&gt; 4&#xA;           matrix&#xA;             [0] &#xA;               [0] =&gt; 1&#xA;               [1] =&gt; 0&#xA;               [2] =&gt; 0&#xA;               [3] =&gt; 0&#xA;             [1] &#xA;               [0] =&gt; 0&#xA;               [1] =&gt; 1&#xA;               [2] =&gt; 0&#xA;               [3] =&gt; 0&#xA;             [2] &#xA;               [0] =&gt; 0&#xA;               [1] =&gt; 0&#xA;               [2] =&gt; 1&#xA;               [3] =&gt; 0&#xA;             [3] &#xA;               [0] =&gt; 0&#xA;               [1] =&gt; 0&#xA;               [2] =&gt; 0&#xA;               [3] =&gt; 1&#xA;       M2&#xA;         [0] &#xA;           row =&gt; 4&#xA;           col =&gt; 4&#xA;           matrix&#xA;             [0] &#xA;               [0] =&gt; 97&#xA;               [1] =&gt; 6&#xA;               [2] =&gt; 93&#xA;               [3] =&gt; 70&#xA;             [1] &#xA;               [0] =&gt; 12&#xA;               [1] =&gt; 45&#xA;               [2] =&gt; 8&#xA;               [3] =&gt; 43&#xA;             [2] &#xA;               [0] =&gt; 47&#xA;               [1] =&gt; 25&#xA;               [2] =&gt; 22&#xA;               [3] =&gt; 32&#xA;             [3] &#xA;               [0] =&gt; 49&#xA;               [1] =&gt; 86&#xA;               [2] =&gt; 92&#xA;               [3] =&gt; 42&#xA;       result&#xA;         [0] &#xA;           row =&gt; 0&#xA;           col =&gt; 0&#xA;           matrix&#xA;             [0] &#xA;               [0] =&gt; 0&#xA;               [1] =&gt; 0&#xA;               [2] =&gt; 0&#xA;               [3] =&gt; 0&#xA;             [1] &#xA;               [0] =&gt; 0&#xA;               [1] =&gt; 0&#xA;               [2] =&gt; 0&#xA;               [3] =&gt; 0&#xA;             [2] &#xA;               [0] =&gt; 0&#xA;               [1] =&gt; 0&#xA;               [2] =&gt; 0&#xA;               [3] =&gt; 0&#xA;             [3] &#xA;               [0] =&gt; 0&#xA;               [1] =&gt; 0&#xA;               [2] =&gt; 0&#xA;               [3] =&gt; 0&#xA;       return =&gt; 0&#xA;&#xA;&#xA;----------------------------------------------------------------------&#xA;-----                          Event 2                           -----&#xA;----------------------------------------------------------------------&#xA;   Returned from UUT: matrix_multiply.c&#xA;     Subprogram: matrix_multiply&#xA;       M1&#xA;         [0] &#xA;           row =&gt; 4&#xA;           col =&gt; 4&#xA;           matrix&#xA;             [0] &#xA;               [0] =&gt; 1&#xA;               [1] =&gt; 0&#xA;               [2] =&gt; 0&#xA;               [3] =&gt; 0&#xA;             [1] &#xA;               [0] =&gt; 0&#xA;               [1] =&gt; 1&#xA;               [2] =&gt; 0&#xA;               [3] =&gt; 0&#xA;             [2] &#xA;               [0] =&gt; 0&#xA;               [1] =&gt; 0&#xA;               [2] =&gt; 1&#xA;               [3] =&gt; 0&#xA;             [3] &#xA;               [0] =&gt; 0&#xA;               [1] =&gt; 0&#xA;               [2] =&gt; 0&#xA;               [3] =&gt; 1&#xA;       M2&#xA;         [0] &#xA;           row =&gt; 4&#xA;           col =&gt; 4&#xA;           matrix&#xA;             [0] &#xA;               [0] =&gt; 97&#xA;               [1] =&gt; 6&#xA;               [2] =&gt; 93&#xA;               [3] =&gt; 70&#xA;             [1] &#xA;               [0] =&gt; 12&#xA;               [1] =&gt; 45&#xA;               [2] =&gt; 8&#xA;               [3] =&gt; 43&#xA;             [2] &#xA;               [0] =&gt; 47&#xA;               [1] =&gt; 25&#xA;               [2] =&gt; 22&#xA;               [3] =&gt; 32&#xA;             [3] &#xA;               [0] =&gt; 49&#xA;               [1] =&gt; 86&#xA;               [2] =&gt; 92&#xA;               [3] =&gt; 42&#xA;       result&#xA;         [0] &#xA;           row =&gt; 4                                            &lt;match&gt;&#xA;           col =&gt; 4                                            &lt;match&gt;&#xA;           matrix&#xA;             [0] &#xA;               [0] =&gt; 97                                       &lt;match&gt;&#xA;               [1] =&gt; 6                                        &lt;match&gt;&#xA;               [2] =&gt; 93                                       &lt;match&gt;&#xA;               [3] =&gt; 70                                       &lt;match&gt;&#xA;             [1] &#xA;               [0] =&gt; 12                                       &lt;match&gt;&#xA;               [1] =&gt; 45                                       &lt;match&gt;&#xA;               [2] =&gt; 8                                        &lt;match&gt;&#xA;               [3] =&gt; 43                                       &lt;match&gt;&#xA;             [2] &#xA;               [0] =&gt; 47                                       &lt;match&gt;&#xA;               [1] =&gt; 25                                       &lt;match&gt;&#xA;               [2] =&gt; 22                                       &lt;match&gt;&#xA;               [3] =&gt; 32                                       &lt;match&gt;&#xA;             [3] &#xA;               [0] =&gt; 49                                       &lt;match&gt;&#xA;               [1] =&gt; 86                                       &lt;match&gt;&#xA;               [2] =&gt; 92                                       &lt;match&gt;&#xA;               [3] =&gt; 42                                       &lt;match&gt;&#xA;       return =&gt; 0                                             &lt;match&gt;&#xA;&#xA;&#xA;   UUT Returned control to Driver ...&#xA;&#xA;End of Test Case&#xA;&#xA;&#xA;&#xA;Expected Results matched 100%                       ( 19 / 19 )   PASS&#xA;Test Status                                                       PASS&#xA;&#xA;                     
            </system-out>
        </testcase>

        <testcase name="matrix_multiply.matrix_multiply.IDENTITYRAND5" classname="VectorCAST_MinGW_C++.UnitTesting.ENV_MATRIX_MULTIPLY" time="0.0">
            
            <skipped/>

            <system-out>
Skipped by VectorCAST Change Based Testing.  Last execution data shown.&#xA;&#xA;PASS 19 / 19  &#xA;&#xA;Execution Report:&#xA; Start of Test Case:   IDENTITYRAND5&#xA;&#xA;----------------------------------------------------------------------&#xA;-----                          Event 1                           -----&#xA;----------------------------------------------------------------------&#xA;   Calling UUT: matrix_multiply.c&#xA;     Subprogram: matrix_multiply&#xA;       M1&#xA;         [0] &#xA;           row =&gt; 4&#xA;           col =&gt; 4&#xA;           matrix&#xA;             [0] &#xA;               [0] =&gt; 1&#xA;               [1] =&gt; 0&#xA;               [2] =&gt; 0&#xA;               [3] =&gt; 0&#xA;             [1] &#xA;               [0] =&gt; 0&#xA;               [1] =&gt; 1&#xA;               [2] =&gt; 0&#xA;               [3] =&gt; 0&#xA;             [2] &#xA;               [0] =&gt; 0&#xA;               [1] =&gt; 0&#xA;               [2] =&gt; 1&#xA;               [3] =&gt; 0&#xA;             [3] &#xA;               [0] =&gt; 0&#xA;               [1] =&gt; 0&#xA;               [2] =&gt; 0&#xA;               [3] =&gt; 1&#xA;       M2&#xA;         [0] &#xA;           row =&gt; 4&#xA;           col =&gt; 4&#xA;           matrix&#xA;             [0] &#xA;               [0] =&gt; 15&#xA;               [1] =&gt; 66&#xA;               [2] =&gt; 57&#xA;               [3] =&gt; 38&#xA;             [1] &#xA;               [0] =&gt; 36&#xA;               [1] =&gt; 4&#xA;               [2] =&gt; 74&#xA;               [3] =&gt; 81&#xA;             [2] &#xA;               [0] =&gt; 66&#xA;               [1] =&gt; 13&#xA;               [2] =&gt; 93&#xA;               [3] =&gt; 31&#xA;             [3] &#xA;               [0] =&gt; 95&#xA;               [1] =&gt; 84&#xA;               [2] =&gt; 72&#xA;               [3] =&gt; 10&#xA;       result&#xA;         [0] &#xA;           row =&gt; 0&#xA;           col =&gt; 0&#xA;           matrix&#xA;             [0] &#xA;               [0] =&gt; 0&#xA;               [1] =&gt; 0&#xA;               [2] =&gt; 0&#xA;               [3] =&gt; 0&#xA;             [1] &#xA;               [0] =&gt; 0&#xA;               [1] =&gt; 0&#xA;               [2] =&gt; 0&#xA;               [3] =&gt; 0&#xA;             [2] &#xA;               [0] =&gt; 0&#xA;               [1] =&gt; 0&#xA;               [2] =&gt; 0&#xA;               [3] =&gt; 0&#xA;             [3] &#xA;               [0] =&gt; 0&#xA;               [1] =&gt; 0&#xA;               [2] =&gt; 0&#xA;               [3] =&gt; 0&#xA;       return =&gt; 0&#xA;&#xA;&#xA;----------------------------------------------------------------------&#xA;-----                          Event 2                           -----&#xA;----------------------------------------------------------------------&#xA;   Returned from UUT: matrix_multiply.c&#xA;     Subprogram: matrix_multiply&#xA;       M1&#xA;         [0] &#xA;           row =&gt; 4&#xA;           col =&gt; 4&#xA;           matrix&#xA;             [0] &#xA;               [0] =&gt; 1&#xA;               [1] =&gt; 0&#xA;               [2] =&gt; 0&#xA;               [3] =&gt; 0&#xA;             [1] &#xA;               [0] =&gt; 0&#xA;               [1] =&gt; 1&#xA;               [2] =&gt; 0&#xA;               [3] =&gt; 0&#xA;             [2] &#xA;               [0] =&gt; 0&#xA;               [1] =&gt; 0&#xA;               [2] =&gt; 1&#xA;               [3] =&gt; 0&#xA;             [3] &#xA;               [0] =&gt; 0&#xA;               [1] =&gt; 0&#xA;               [2] =&gt; 0&#xA;               [3] =&gt; 1&#xA;       M2&#xA;         [0] &#xA;           row =&gt; 4&#xA;           col =&gt; 4&#xA;           matrix&#xA;             [0] &#xA;               [0] =&gt; 15&#xA;               [1] =&gt; 66&#xA;               [2] =&gt; 57&#xA;               [3] =&gt; 38&#xA;             [1] &#xA;               [0] =&gt; 36&#xA;               [1] =&gt; 4&#xA;               [2] =&gt; 74&#xA;               [3] =&gt; 81&#xA;             [2] &#xA;               [0] =&gt; 66&#xA;               [1] =&gt; 13&#xA;               [2] =&gt; 93&#xA;               [3] =&gt; 31&#xA;             [3] &#xA;               [0] =&gt; 95&#xA;               [1] =&gt; 84&#xA;               [2] =&gt; 72&#xA;               [3] =&gt; 10&#xA;       result&#xA;         [0] &#xA;           row =&gt; 4                                            &lt;match&gt;&#xA;           col =&gt; 4                                            &lt;match&gt;&#xA;           matrix&#xA;             [0] &#xA;               [0] =&gt; 15                                       &lt;match&gt;&#xA;               [1] =&gt; 66                                       &lt;match&gt;&#xA;               [2] =&gt; 57                                       &lt;match&gt;&#xA;               [3] =&gt; 38                                       &lt;match&gt;&#xA;             [1] &#xA;               [0] =&gt; 36                                       &lt;match&gt;&#xA;               [1] =&gt; 4                                        &lt;match&gt;&#xA;               [2] =&gt; 74                                       &lt;match&gt;&#xA;               [3] =&gt; 81                                       &lt;match&gt;&#xA;             [2] &#xA;               [0] =&gt; 66                                       &lt;match&gt;&#xA;               [1] =&gt; 13                                       &lt;match&gt;&#xA;               [2] =&gt; 93                                       &lt;match&gt;&#xA;               [3] =&gt; 31                                       &lt;match&gt;&#xA;             [3] &#xA;               [0] =&gt; 95                                       &lt;match&gt;&#xA;               [1] =&gt; 84                                       &lt;match&gt;&#xA;               [2] =&gt; 72                                       &lt;match&gt;&#xA;               [3] =&gt; 10                                       &lt;match&gt;&#xA;       return =&gt; 0                                             &lt;match&gt;&#xA;&#xA;&#xA;   UUT Returned control to Driver ...&#xA;&#xA;End of Test Case&#xA;&#xA;&#xA;&#xA;Expected Results matched 100%                       ( 19 / 19 )   PASS&#xA;Test Status                                                       PASS&#xA;&#xA;                     
            </system-out>
        </testcase>

        <testcase name="matrix_multiply.matrix_multiply.IDENTITYTESTSIMPLE" classname="VectorCAST_MinGW_C++.UnitTesting.ENV_MATRIX_MULTIPLY" time="0.0">
            
            <skipped/>

            <system-out>
Skipped by VectorCAST Change Based Testing.  Last execution data shown.&#xA;&#xA;PASS 19 / 19  &#xA;&#xA;Execution Report:&#xA; Start of Test Case:   IDENTITYTESTSIMPLE&#xA;&#xA;----------------------------------------------------------------------&#xA;-----                          Event 1                           -----&#xA;----------------------------------------------------------------------&#xA;   Calling UUT: matrix_multiply.c&#xA;     Subprogram: matrix_multiply&#xA;       M1&#xA;         [0] &#xA;           row =&gt; 4&#xA;           col =&gt; 4&#xA;           matrix&#xA;             [0] &#xA;               [0] =&gt; 1&#xA;               [1] =&gt; 0&#xA;               [2] =&gt; 0&#xA;               [3] =&gt; 0&#xA;             [1] &#xA;               [0] =&gt; 0&#xA;               [1] =&gt; 1&#xA;               [2] =&gt; 0&#xA;               [3] =&gt; 0&#xA;             [2] &#xA;               [0] =&gt; 0&#xA;               [1] =&gt; 0&#xA;               [2] =&gt; 1&#xA;               [3] =&gt; 0&#xA;             [3] &#xA;               [0] =&gt; 0&#xA;               [1] =&gt; 0&#xA;               [2] =&gt; 0&#xA;               [3] =&gt; 1&#xA;       M2&#xA;         [0] &#xA;           row =&gt; 4&#xA;           col =&gt; 4&#xA;           matrix&#xA;             [0] &#xA;               [0] =&gt; 11&#xA;               [1] =&gt; 11&#xA;               [2] =&gt; 11&#xA;               [3] =&gt; 11&#xA;             [1] &#xA;               [0] =&gt; 22&#xA;               [1] =&gt; 22&#xA;               [2] =&gt; 22&#xA;               [3] =&gt; 22&#xA;             [2] &#xA;               [0] =&gt; 33&#xA;               [1] =&gt; 33&#xA;               [2] =&gt; 33&#xA;               [3] =&gt; 33&#xA;             [3] &#xA;               [0] =&gt; 44&#xA;               [1] =&gt; 44&#xA;               [2] =&gt; 44&#xA;               [3] =&gt; 44&#xA;       result&#xA;         [0] &#xA;           row =&gt; 0&#xA;           col =&gt; 0&#xA;           matrix&#xA;             [0] &#xA;               [0] =&gt; 0&#xA;               [1] =&gt; 0&#xA;               [2] =&gt; 0&#xA;               [3] =&gt; 0&#xA;             [1] &#xA;               [0] =&gt; 0&#xA;               [1] =&gt; 0&#xA;               [2] =&gt; 0&#xA;               [3] =&gt; 0&#xA;             [2] &#xA;               [0] =&gt; 0&#xA;               [1] =&gt; 0&#xA;               [2] =&gt; 0&#xA;               [3] =&gt; 0&#xA;             [3] &#xA;               [0] =&gt; 0&#xA;               [1] =&gt; 0&#xA;               [2] =&gt; 0&#xA;               [3] =&gt; 0&#xA;       return =&gt; 0&#xA;&#xA;&#xA;----------------------------------------------------------------------&#xA;-----                          Event 2                           -----&#xA;----------------------------------------------------------------------&#xA;   Returned from UUT: matrix_multiply.c&#xA;     Subprogram: matrix_multiply&#xA;       M1&#xA;         [0] &#xA;           row =&gt; 4&#xA;           col =&gt; 4&#xA;           matrix&#xA;             [0] &#xA;               [0] =&gt; 1&#xA;               [1] =&gt; 0&#xA;               [2] =&gt; 0&#xA;               [3] =&gt; 0&#xA;             [1] &#xA;               [0] =&gt; 0&#xA;               [1] =&gt; 1&#xA;               [2] =&gt; 0&#xA;               [3] =&gt; 0&#xA;             [2] &#xA;               [0] =&gt; 0&#xA;               [1] =&gt; 0&#xA;               [2] =&gt; 1&#xA;               [3] =&gt; 0&#xA;             [3] &#xA;               [0] =&gt; 0&#xA;               [1] =&gt; 0&#xA;               [2] =&gt; 0&#xA;               [3] =&gt; 1&#xA;       M2&#xA;         [0] &#xA;           row =&gt; 4&#xA;           col =&gt; 4&#xA;           matrix&#xA;             [0] &#xA;               [0] =&gt; 11&#xA;               [1] =&gt; 11&#xA;               [2] =&gt; 11&#xA;               [3] =&gt; 11&#xA;             [1] &#xA;               [0] =&gt; 22&#xA;               [1] =&gt; 22&#xA;               [2] =&gt; 22&#xA;               [3] =&gt; 22&#xA;             [2] &#xA;               [0] =&gt; 33&#xA;               [1] =&gt; 33&#xA;               [2] =&gt; 33&#xA;               [3] =&gt; 33&#xA;             [3] &#xA;               [0] =&gt; 44&#xA;               [1] =&gt; 44&#xA;               [2] =&gt; 44&#xA;               [3] =&gt; 44&#xA;       result&#xA;         [0] &#xA;           row =&gt; 4                                            &lt;match&gt;&#xA;           col =&gt; 4                                            &lt;match&gt;&#xA;           matrix&#xA;             [0] &#xA;               [0] =&gt; 11                                       &lt;match&gt;&#xA;               [1] =&gt; 11                                       &lt;match&gt;&#xA;               [2] =&gt; 11                                       &lt;match&gt;&#xA;               [3] =&gt; 11                                       &lt;match&gt;&#xA;             [1] &#xA;               [0] =&gt; 22                                       &lt;match&gt;&#xA;               [1] =&gt; 22                                       &lt;match&gt;&#xA;               [2] =&gt; 22                                       &lt;match&gt;&#xA;               [3] =&gt; 22                                       &lt;match&gt;&#xA;             [2] &#xA;               [0] =&gt; 33                                       &lt;match&gt;&#xA;               [1] =&gt; 33                                       &lt;match&gt;&#xA;               [2] =&gt; 33                                       &lt;match&gt;&#xA;               [3] =&gt; 33                                       &lt;match&gt;&#xA;             [3] &#xA;               [0] =&gt; 44                                       &lt;match&gt;&#xA;               [1] =&gt; 44                                       &lt;match&gt;&#xA;               [2] =&gt; 44                                       &lt;match&gt;&#xA;               [3] =&gt; 44                                       &lt;match&gt;&#xA;       return =&gt; 0                                             &lt;match&gt;&#xA;&#xA;&#xA;   UUT Returned control to Driver ...&#xA;&#xA;End of Test Case&#xA;&#xA;&#xA;&#xA;Expected Results matched 100%                       ( 19 / 19 )   PASS&#xA;Test Status                                                       PASS&#xA;&#xA;                     
            </system-out>
        </testcase>

        <testcase name="matrix_multiply.matrix_multiply.SIZE2X2-1" classname="VectorCAST_MinGW_C++.UnitTesting.ENV_MATRIX_MULTIPLY" time="0.0">
            
            <skipped/>

            <system-out>
Skipped by VectorCAST Change Based Testing.  Last execution data shown.&#xA;&#xA;PASS 19 / 19  &#xA;&#xA;Execution Report:&#xA; Start of Test Case:   SIZE2X2-1&#xA;&#xA;----------------------------------------------------------------------&#xA;-----                          Event 1                           -----&#xA;----------------------------------------------------------------------&#xA;   Calling UUT: matrix_multiply.c&#xA;     Subprogram: matrix_multiply&#xA;       M1&#xA;         [0] &#xA;           row =&gt; 2&#xA;           col =&gt; 2&#xA;           matrix&#xA;             [0] &#xA;               [0] =&gt; 81&#xA;               [1] =&gt; 12&#xA;               [2] =&gt; 0&#xA;               [3] =&gt; 0&#xA;             [1] &#xA;               [0] =&gt; 18&#xA;               [1] =&gt; 34&#xA;               [2] =&gt; 0&#xA;               [3] =&gt; 0&#xA;             [2] &#xA;               [0] =&gt; 0&#xA;               [1] =&gt; 0&#xA;               [2] =&gt; 0&#xA;               [3] =&gt; 0&#xA;             [3] &#xA;               [0] =&gt; 0&#xA;               [1] =&gt; 0&#xA;               [2] =&gt; 0&#xA;               [3] =&gt; 0&#xA;       M2&#xA;         [0] &#xA;           row =&gt; 2&#xA;           col =&gt; 2&#xA;           matrix&#xA;             [0] &#xA;               [0] =&gt; 81&#xA;               [1] =&gt; 49&#xA;               [2] =&gt; 0&#xA;               [3] =&gt; 0&#xA;             [1] &#xA;               [0] =&gt; 66&#xA;               [1] =&gt; 16&#xA;               [2] =&gt; 0&#xA;               [3] =&gt; 0&#xA;             [2] &#xA;               [0] =&gt; 0&#xA;               [1] =&gt; 0&#xA;               [2] =&gt; 0&#xA;               [3] =&gt; 0&#xA;             [3] &#xA;               [0] =&gt; 0&#xA;               [1] =&gt; 0&#xA;               [2] =&gt; 0&#xA;               [3] =&gt; 0&#xA;       result&#xA;         [0] &#xA;           row =&gt; 0&#xA;           col =&gt; 0&#xA;           matrix&#xA;             [0] &#xA;               [0] =&gt; 0&#xA;               [1] =&gt; 0&#xA;               [2] =&gt; 0&#xA;               [3] =&gt; 0&#xA;             [1] &#xA;               [0] =&gt; 0&#xA;               [1] =&gt; 0&#xA;               [2] =&gt; 0&#xA;               [3] =&gt; 0&#xA;             [2] &#xA;               [0] =&gt; 0&#xA;               [1] =&gt; 0&#xA;               [2] =&gt; 0&#xA;               [3] =&gt; 0&#xA;             [3] &#xA;               [0] =&gt; 0&#xA;               [1] =&gt; 0&#xA;               [2] =&gt; 0&#xA;               [3] =&gt; 0&#xA;       return =&gt; 0&#xA;&#xA;&#xA;----------------------------------------------------------------------&#xA;-----                          Event 2                           -----&#xA;----------------------------------------------------------------------&#xA;   Returned from UUT: matrix_multiply.c&#xA;     Subprogram: matrix_multiply&#xA;       M1&#xA;         [0] &#xA;           row =&gt; 2&#xA;           col =&gt; 2&#xA;           matrix&#xA;             [0] &#xA;               [0] =&gt; 81&#xA;               [1] =&gt; 12&#xA;               [2] =&gt; 0&#xA;               [3] =&gt; 0&#xA;             [1] &#xA;               [0] =&gt; 18&#xA;               [1] =&gt; 34&#xA;               [2] =&gt; 0&#xA;               [3] =&gt; 0&#xA;             [2] &#xA;               [0] =&gt; 0&#xA;               [1] =&gt; 0&#xA;               [2] =&gt; 0&#xA;               [3] =&gt; 0&#xA;             [3] &#xA;               [0] =&gt; 0&#xA;               [1] =&gt; 0&#xA;               [2] =&gt; 0&#xA;               [3] =&gt; 0&#xA;       M2&#xA;         [0] &#xA;           row =&gt; 2&#xA;           col =&gt; 2&#xA;           matrix&#xA;             [0] &#xA;               [0] =&gt; 81&#xA;               [1] =&gt; 49&#xA;               [2] =&gt; 0&#xA;               [3] =&gt; 0&#xA;             [1] &#xA;               [0] =&gt; 66&#xA;               [1] =&gt; 16&#xA;               [2] =&gt; 0&#xA;               [3] =&gt; 0&#xA;             [2] &#xA;               [0] =&gt; 0&#xA;               [1] =&gt; 0&#xA;               [2] =&gt; 0&#xA;               [3] =&gt; 0&#xA;             [3] &#xA;               [0] =&gt; 0&#xA;               [1] =&gt; 0&#xA;               [2] =&gt; 0&#xA;               [3] =&gt; 0&#xA;       result&#xA;         [0] &#xA;           row =&gt; 2                                            &lt;match&gt;&#xA;           col =&gt; 2                                            &lt;match&gt;&#xA;           matrix&#xA;             [0] &#xA;               [0] =&gt; 7353                                     &lt;match&gt;&#xA;               [1] =&gt; 4161                                     &lt;match&gt;&#xA;               [2] =&gt; 0                                        &lt;match&gt;&#xA;               [3] =&gt; 0                                        &lt;match&gt;&#xA;             [1] &#xA;               [0] =&gt; 3702                                     &lt;match&gt;&#xA;               [1] =&gt; 1426                                     &lt;match&gt;&#xA;               [2] =&gt; 0                                        &lt;match&gt;&#xA;               [3] =&gt; 0                                        &lt;match&gt;&#xA;             [2] &#xA;               [0] =&gt; 0                                        &lt;match&gt;&#xA;               [1] =&gt; 0                                        &lt;match&gt;&#xA;               [2] =&gt; 0                                        &lt;match&gt;&#xA;               [3] =&gt; 0                                        &lt;match&gt;&#xA;             [3] &#xA;               [0] =&gt; 0                                        &lt;match&gt;&#xA;               [1] =&gt; 0                                        &lt;match&gt;&#xA;               [2] =&gt; 0                                        &lt;match&gt;&#xA;               [3] =&gt; 0                                        &lt;match&gt;&#xA;       return =&gt; 0                                             &lt;match&gt;&#xA;&#xA;&#xA;   UUT Returned control to Driver ...&#xA;&#xA;End of Test Case&#xA;&#xA;&#xA;&#xA;Expected Results matched 100%                       ( 19 / 19 )   PASS&#xA;Test Status                                                       PASS&#xA;&#xA;                     
            </system-out>
        </testcase>

        <testcase name="matrix_multiply.matrix_multiply.SIZE2X2-2" classname="VectorCAST_MinGW_C++.UnitTesting.ENV_MATRIX_MULTIPLY" time="0.0">
            
            <skipped/>

            <system-out>
Skipped by VectorCAST Change Based Testing.  Last execution data shown.&#xA;&#xA;PASS 19 / 19  &#xA;&#xA;Execution Report:&#xA; Start of Test Case:   SIZE2X2-2&#xA;&#xA;----------------------------------------------------------------------&#xA;-----                          Event 1                           -----&#xA;----------------------------------------------------------------------&#xA;   Calling UUT: matrix_multiply.c&#xA;     Subprogram: matrix_multiply&#xA;       M1&#xA;         [0] &#xA;           row =&gt; 2&#xA;           col =&gt; 2&#xA;           matrix&#xA;             [0] &#xA;               [0] =&gt; 31&#xA;               [1] =&gt; 73&#xA;               [2] =&gt; 0&#xA;               [3] =&gt; 0&#xA;             [1] &#xA;               [0] =&gt; 93&#xA;               [1] =&gt; 86&#xA;               [2] =&gt; 0&#xA;               [3] =&gt; 0&#xA;             [2] &#xA;               [0] =&gt; 0&#xA;               [1] =&gt; 0&#xA;               [2] =&gt; 0&#xA;               [3] =&gt; 0&#xA;             [3] &#xA;               [0] =&gt; 0&#xA;               [1] =&gt; 0&#xA;               [2] =&gt; 0&#xA;               [3] =&gt; 0&#xA;       M2&#xA;         [0] &#xA;           row =&gt; 2&#xA;           col =&gt; 2&#xA;           matrix&#xA;             [0] &#xA;               [0] =&gt; 52&#xA;               [1] =&gt; 96&#xA;               [2] =&gt; 0&#xA;               [3] =&gt; 0&#xA;             [1] &#xA;               [0] =&gt; 44&#xA;               [1] =&gt; 26&#xA;               [2] =&gt; 0&#xA;               [3] =&gt; 0&#xA;             [2] &#xA;               [0] =&gt; 0&#xA;               [1] =&gt; 0&#xA;               [2] =&gt; 0&#xA;               [3] =&gt; 0&#xA;             [3] &#xA;               [0] =&gt; 0&#xA;               [1] =&gt; 0&#xA;               [2] =&gt; 0&#xA;               [3] =&gt; 0&#xA;       result&#xA;         [0] &#xA;           row =&gt; 0&#xA;           col =&gt; 0&#xA;           matrix&#xA;             [0] &#xA;               [0] =&gt; 0&#xA;               [1] =&gt; 0&#xA;               [2] =&gt; 0&#xA;               [3] =&gt; 0&#xA;             [1] &#xA;               [0] =&gt; 0&#xA;               [1] =&gt; 0&#xA;               [2] =&gt; 0&#xA;               [3] =&gt; 0&#xA;             [2] &#xA;               [0] =&gt; 0&#xA;               [1] =&gt; 0&#xA;               [2] =&gt; 0&#xA;               [3] =&gt; 0&#xA;             [3] &#xA;               [0] =&gt; 0&#xA;               [1] =&gt; 0&#xA;               [2] =&gt; 0&#xA;               [3] =&gt; 0&#xA;       return =&gt; 0&#xA;&#xA;&#xA;----------------------------------------------------------------------&#xA;-----                          Event 2                           -----&#xA;----------------------------------------------------------------------&#xA;   Returned from UUT: matrix_multiply.c&#xA;     Subprogram: matrix_multiply&#xA;       M1&#xA;         [0] &#xA;           row =&gt; 2&#xA;           col =&gt; 2&#xA;           matrix&#xA;             [0] &#xA;               [0] =&gt; 31&#xA;               [1] =&gt; 73&#xA;               [2] =&gt; 0&#xA;               [3] =&gt; 0&#xA;             [1] &#xA;               [0] =&gt; 93&#xA;               [1] =&gt; 86&#xA;               [2] =&gt; 0&#xA;               [3] =&gt; 0&#xA;             [2] &#xA;               [0] =&gt; 0&#xA;               [1] =&gt; 0&#xA;               [2] =&gt; 0&#xA;               [3] =&gt; 0&#xA;             [3] &#xA;               [0] =&gt; 0&#xA;               [1] =&gt; 0&#xA;               [2] =&gt; 0&#xA;               [3] =&gt; 0&#xA;       M2&#xA;         [0] &#xA;           row =&gt; 2&#xA;           col =&gt; 2&#xA;           matrix&#xA;             [0] &#xA;               [0] =&gt; 52&#xA;               [1] =&gt; 96&#xA;               [2] =&gt; 0&#xA;               [3] =&gt; 0&#xA;             [1] &#xA;               [0] =&gt; 44&#xA;               [1] =&gt; 26&#xA;               [2] =&gt; 0&#xA;               [3] =&gt; 0&#xA;             [2] &#xA;               [0] =&gt; 0&#xA;               [1] =&gt; 0&#xA;               [2] =&gt; 0&#xA;               [3] =&gt; 0&#xA;             [3] &#xA;               [0] =&gt; 0&#xA;               [1] =&gt; 0&#xA;               [2] =&gt; 0&#xA;               [3] =&gt; 0&#xA;       result&#xA;         [0] &#xA;           row =&gt; 2                                            &lt;match&gt;&#xA;           col =&gt; 2                                            &lt;match&gt;&#xA;           matrix&#xA;             [0] &#xA;               [0] =&gt; 4824                                     &lt;match&gt;&#xA;               [1] =&gt; 4874                                     &lt;match&gt;&#xA;               [2] =&gt; 0                                        &lt;match&gt;&#xA;               [3] =&gt; 0                                        &lt;match&gt;&#xA;             [1] &#xA;               [0] =&gt; 8620                                     &lt;match&gt;&#xA;               [1] =&gt; 11164                                    &lt;match&gt;&#xA;               [2] =&gt; 0                                        &lt;match&gt;&#xA;               [3] =&gt; 0                                        &lt;match&gt;&#xA;             [2] &#xA;               [0] =&gt; 0                                        &lt;match&gt;&#xA;               [1] =&gt; 0                                        &lt;match&gt;&#xA;               [2] =&gt; 0                                        &lt;match&gt;&#xA;               [3] =&gt; 0                                        &lt;match&gt;&#xA;             [3] &#xA;               [0] =&gt; 0                                        &lt;match&gt;&#xA;               [1] =&gt; 0                                        &lt;match&gt;&#xA;               [2] =&gt; 0                                        &lt;match&gt;&#xA;               [3] =&gt; 0                                        &lt;match&gt;&#xA;       return =&gt; 0                                             &lt;match&gt;&#xA;&#xA;&#xA;   UUT Returned control to Driver ...&#xA;&#xA;End of Test Case&#xA;&#xA;&#xA;&#xA;Expected Results matched 100%                       ( 19 / 19 )   PASS&#xA;Test Status                                                       PASS&#xA;&#xA;                     
            </system-out>
        </testcase>

        <testcase name="matrix_multiply.matrix_multiply.SIZE2X2-3" classname="VectorCAST_MinGW_C++.UnitTesting.ENV_MATRIX_MULTIPLY" time="0.0">
            
            <skipped/>

            <system-out>
Skipped by VectorCAST Change Based Testing.  Last execution data shown.&#xA;&#xA;PASS 19 / 19  &#xA;&#xA;Execution Report:&#xA; Start of Test Case:   SIZE2X2-3&#xA;&#xA;----------------------------------------------------------------------&#xA;-----                          Event 1                           -----&#xA;----------------------------------------------------------------------&#xA;   Calling UUT: matrix_multiply.c&#xA;     Subprogram: matrix_multiply&#xA;       M1&#xA;         [0] &#xA;           row =&gt; 2&#xA;           col =&gt; 2&#xA;           matrix&#xA;             [0] &#xA;               [0] =&gt; 7&#xA;               [1] =&gt; 48&#xA;               [2] =&gt; 0&#xA;               [3] =&gt; 0&#xA;             [1] &#xA;               [0] =&gt; 42&#xA;               [1] =&gt; 80&#xA;               [2] =&gt; 0&#xA;               [3] =&gt; 0&#xA;             [2] &#xA;               [0] =&gt; 0&#xA;               [1] =&gt; 0&#xA;               [2] =&gt; 0&#xA;               [3] =&gt; 0&#xA;             [3] &#xA;               [0] =&gt; 0&#xA;               [1] =&gt; 0&#xA;               [2] =&gt; 0&#xA;               [3] =&gt; 0&#xA;       M2&#xA;         [0] &#xA;           row =&gt; 2&#xA;           col =&gt; 2&#xA;           matrix&#xA;             [0] &#xA;               [0] =&gt; 33&#xA;               [1] =&gt; 70&#xA;               [2] =&gt; 0&#xA;               [3] =&gt; 0&#xA;             [1] &#xA;               [0] =&gt; 92&#xA;               [1] =&gt; 91&#xA;               [2] =&gt; 0&#xA;               [3] =&gt; 0&#xA;             [2] &#xA;               [0] =&gt; 0&#xA;               [1] =&gt; 0&#xA;               [2] =&gt; 0&#xA;               [3] =&gt; 0&#xA;             [3] &#xA;               [0] =&gt; 0&#xA;               [1] =&gt; 0&#xA;               [2] =&gt; 0&#xA;               [3] =&gt; 0&#xA;       result&#xA;         [0] &#xA;           row =&gt; 0&#xA;           col =&gt; 0&#xA;           matrix&#xA;             [0] &#xA;               [0] =&gt; 0&#xA;               [1] =&gt; 0&#xA;               [2] =&gt; 0&#xA;               [3] =&gt; 0&#xA;             [1] &#xA;               [0] =&gt; 0&#xA;               [1] =&gt; 0&#xA;               [2] =&gt; 0&#xA;               [3] =&gt; 0&#xA;             [2] &#xA;               [0] =&gt; 0&#xA;               [1] =&gt; 0&#xA;               [2] =&gt; 0&#xA;               [3] =&gt; 0&#xA;             [3] &#xA;               [0] =&gt; 0&#xA;               [1] =&gt; 0&#xA;               [2] =&gt; 0&#xA;               [3] =&gt; 0&#xA;       return =&gt; 0&#xA;&#xA;&#xA;----------------------------------------------------------------------&#xA;-----                          Event 2                           -----&#xA;----------------------------------------------------------------------&#xA;   Returned from UUT: matrix_multiply.c&#xA;     Subprogram: matrix_multiply&#xA;       M1&#xA;         [0] &#xA;           row =&gt; 2&#xA;           col =&gt; 2&#xA;           matrix&#xA;             [0] &#xA;               [0] =&gt; 7&#xA;               [1] =&gt; 48&#xA;               [2] =&gt; 0&#xA;               [3] =&gt; 0&#xA;             [1] &#xA;               [0] =&gt; 42&#xA;               [1] =&gt; 80&#xA;               [2] =&gt; 0&#xA;               [3] =&gt; 0&#xA;             [2] &#xA;               [0] =&gt; 0&#xA;               [1] =&gt; 0&#xA;               [2] =&gt; 0&#xA;               [3] =&gt; 0&#xA;             [3] &#xA;               [0] =&gt; 0&#xA;               [1] =&gt; 0&#xA;               [2] =&gt; 0&#xA;               [3] =&gt; 0&#xA;       M2&#xA;         [0] &#xA;           row =&gt; 2&#xA;           col =&gt; 2&#xA;           matrix&#xA;             [0] &#xA;               [0] =&gt; 33&#xA;               [1] =&gt; 70&#xA;               [2] =&gt; 0&#xA;               [3] =&gt; 0&#xA;             [1] &#xA;               [0] =&gt; 92&#xA;               [1] =&gt; 91&#xA;               [2] =&gt; 0&#xA;               [3] =&gt; 0&#xA;             [2] &#xA;               [0] =&gt; 0&#xA;               [1] =&gt; 0&#xA;               [2] =&gt; 0&#xA;               [3] =&gt; 0&#xA;             [3] &#xA;               [0] =&gt; 0&#xA;               [1] =&gt; 0&#xA;               [2] =&gt; 0&#xA;               [3] =&gt; 0&#xA;       result&#xA;         [0] &#xA;           row =&gt; 2                                            &lt;match&gt;&#xA;           col =&gt; 2                                            &lt;match&gt;&#xA;           matrix&#xA;             [0] &#xA;               [0] =&gt; 4647                                     &lt;match&gt;&#xA;               [1] =&gt; 4858                                     &lt;match&gt;&#xA;               [2] =&gt; 0                                        &lt;match&gt;&#xA;               [3] =&gt; 0                                        &lt;match&gt;&#xA;             [1] &#xA;               [0] =&gt; 8746                                     &lt;match&gt;&#xA;               [1] =&gt; 10220                                    &lt;match&gt;&#xA;               [2] =&gt; 0                                        &lt;match&gt;&#xA;               [3] =&gt; 0                                        &lt;match&gt;&#xA;             [2] &#xA;               [0] =&gt; 0                                        &lt;match&gt;&#xA;               [1] =&gt; 0                                        &lt;match&gt;&#xA;               [2] =&gt; 0                                        &lt;match&gt;&#xA;               [3] =&gt; 0                                        &lt;match&gt;&#xA;             [3] &#xA;               [0] =&gt; 0                                        &lt;match&gt;&#xA;               [1] =&gt; 0                                        &lt;match&gt;&#xA;               [2] =&gt; 0                                        &lt;match&gt;&#xA;               [3] =&gt; 0                                        &lt;match&gt;&#xA;       return =&gt; 0                                             &lt;match&gt;&#xA;&#xA;&#xA;   UUT Returned control to Driver ...&#xA;&#xA;End of Test Case&#xA;&#xA;&#xA;&#xA;Expected Results matched 100%                       ( 19 / 19 )   PASS&#xA;Test Status                                                       PASS&#xA;&#xA;                     
            </system-out>
        </testcase>

        <testcase name="matrix_multiply.matrix_multiply.SIZE2X2-4" classname="VectorCAST_MinGW_C++.UnitTesting.ENV_MATRIX_MULTIPLY" time="0.0">
            
            <skipped/>

            <system-out>
Skipped by VectorCAST Change Based Testing.  Last execution data shown.&#xA;&#xA;PASS 19 / 19  &#xA;&#xA;Execution Report:&#xA; Start of Test Case:   SIZE2X2-4&#xA;&#xA;----------------------------------------------------------------------&#xA;-----                          Event 1                           -----&#xA;----------------------------------------------------------------------&#xA;   Calling UUT: matrix_multiply.c&#xA;     Subprogram: matrix_multiply&#xA;       M1&#xA;         [0] &#xA;           row =&gt; 2&#xA;           col =&gt; 2&#xA;           matrix&#xA;             [0] &#xA;               [0] =&gt; 96&#xA;               [1] =&gt; 45&#xA;               [2] =&gt; 0&#xA;               [3] =&gt; 0&#xA;             [1] &#xA;               [0] =&gt; 83&#xA;               [1] =&gt; 37&#xA;               [2] =&gt; 0&#xA;               [3] =&gt; 0&#xA;             [2] &#xA;               [0] =&gt; 0&#xA;               [1] =&gt; 0&#xA;               [2] =&gt; 0&#xA;               [3] =&gt; 0&#xA;             [3] &#xA;               [0] =&gt; 0&#xA;               [1] =&gt; 0&#xA;               [2] =&gt; 0&#xA;               [3] =&gt; 0&#xA;       M2&#xA;         [0] &#xA;           row =&gt; 2&#xA;           col =&gt; 2&#xA;           matrix&#xA;             [0] &#xA;               [0] =&gt; 85&#xA;               [1] =&gt; 13&#xA;               [2] =&gt; 0&#xA;               [3] =&gt; 0&#xA;             [1] &#xA;               [0] =&gt; 2&#xA;               [1] =&gt; 32&#xA;               [2] =&gt; 0&#xA;               [3] =&gt; 0&#xA;             [2] &#xA;               [0] =&gt; 0&#xA;               [1] =&gt; 0&#xA;               [2] =&gt; 0&#xA;               [3] =&gt; 0&#xA;             [3] &#xA;               [0] =&gt; 0&#xA;               [1] =&gt; 0&#xA;               [2] =&gt; 0&#xA;               [3] =&gt; 0&#xA;       result&#xA;         [0] &#xA;           row =&gt; 0&#xA;           col =&gt; 0&#xA;           matrix&#xA;             [0] &#xA;               [0] =&gt; 0&#xA;               [1] =&gt; 0&#xA;               [2] =&gt; 0&#xA;               [3] =&gt; 0&#xA;             [1] &#xA;               [0] =&gt; 0&#xA;               [1] =&gt; 0&#xA;               [2] =&gt; 0&#xA;               [3] =&gt; 0&#xA;             [2] &#xA;               [0] =&gt; 0&#xA;               [1] =&gt; 0&#xA;               [2] =&gt; 0&#xA;               [3] =&gt; 0&#xA;             [3] &#xA;               [0] =&gt; 0&#xA;               [1] =&gt; 0&#xA;               [2] =&gt; 0&#xA;               [3] =&gt; 0&#xA;       return =&gt; 0&#xA;&#xA;&#xA;----------------------------------------------------------------------&#xA;-----                          Event 2                           -----&#xA;----------------------------------------------------------------------&#xA;   Returned from UUT: matrix_multiply.c&#xA;     Subprogram: matrix_multiply&#xA;       M1&#xA;         [0] &#xA;           row =&gt; 2&#xA;           col =&gt; 2&#xA;           matrix&#xA;             [0] &#xA;               [0] =&gt; 96&#xA;               [1] =&gt; 45&#xA;               [2] =&gt; 0&#xA;               [3] =&gt; 0&#xA;             [1] &#xA;               [0] =&gt; 83&#xA;               [1] =&gt; 37&#xA;               [2] =&gt; 0&#xA;               [3] =&gt; 0&#xA;             [2] &#xA;               [0] =&gt; 0&#xA;               [1] =&gt; 0&#xA;               [2] =&gt; 0&#xA;               [3] =&gt; 0&#xA;             [3] &#xA;               [0] =&gt; 0&#xA;               [1] =&gt; 0&#xA;               [2] =
[...]
            </system-out>
        </testcase>

        <testcase name="matrix_multiply.matrix_multiply.SIZERANDOM(2X3X3X3)" classname="VectorCAST_MinGW_C++.UnitTesting.ENV_MATRIX_MULTIPLY" time="0.0">
            
            <skipped/>

            <system-out>
Skipped by VectorCAST Change Based Testing.  Last execution data shown.&#xA;&#xA;PASS 19 / 19  &#xA;&#xA;Execution Report:&#xA; Start of Test Case:   SIZERANDOM(2X3X3X3)&#xA;&#xA;----------------------------------------------------------------------&#xA;-----                          Event 1                           -----&#xA;----------------------------------------------------------------------&#xA;   Calling UUT: matrix_multiply.c&#xA;     Subprogram: matrix_multiply&#xA;       M1&#xA;         [0] &#xA;           row =&gt; 2&#xA;           col =&gt; 3&#xA;           matrix&#xA;             [0] &#xA;               [0] =&gt; 52&#xA;               [1] =&gt; 91&#xA;               [2] =&gt; 87&#xA;               [3] =&gt; 0&#xA;             [1] &#xA;               [0] =&gt; 58&#xA;               [1] =&gt; 59&#xA;               [2] =&gt; 80&#xA;               [3] =&gt; 0&#xA;             [2] &#xA;               [0] =&gt; 0&#xA;               [1] =&gt; 0&#xA;               [2] =&gt; 0&#xA;               [3] =&gt; 0&#xA;             [3] &#xA;               [0] =&gt; 0&#xA;               [1] =&gt; 0&#xA;               [2] =&gt; 0&#xA;               [3] =&gt; 0&#xA;       M2&#xA;         [0] &#xA;           row =&gt; 3&#xA;           col =&gt; 3&#xA;           matrix&#xA;             [0] &#xA;               [0] =&gt; 21&#xA;               [1] =&gt; 16&#xA;               [2] =&gt; 28&#xA;               [3] =&gt; 0&#xA;             [1] &#xA;               [0] =&gt; 54&#xA;               [1] =&gt; 28&#xA;               [2] =&gt; 58&#xA;               [3] =&gt; 0&#xA;             [2] &#xA;               [0] =&gt; 41&#xA;               [1] =&gt; 71&#xA;               [2] =&gt; 19&#xA;               [3] =&gt; 0&#xA;             [3] &#xA;               [0] =&gt; 0&#xA;               [1] =&gt; 0&#xA;               [2] =&gt; 0&#xA;               [3] =&gt; 0&#xA;       result&#xA;         [0] &#xA;           row =&gt; 0&#xA;           col =&gt; 0&#xA;           matrix&#xA;             [0] &#xA;               [0] =&gt; 0&#xA;               [1] =&gt; 0&#xA;               [2] =&gt; 0&#xA;               [3] =&gt; 0&#xA;             [1] &#xA;               [0] =&gt; 0&#xA;               [1] =&gt; 0&#xA;               [2] =&gt; 0&#xA;               [3] =&gt; 0&#xA;             [2] &#xA;               [0] =&gt; 0&#xA;               [1] =&gt; 0&#xA;               [2] =&gt; 0&#xA;               [3] =&gt; 0&#xA;             [3] &#xA;               [0] =&gt; 0&#xA;               [1] =&gt; 0&#xA;               [2] =&gt; 0&#xA;               [3] =&gt; 0&#xA;       return =&gt; 0&#xA;&#xA;&#xA;----------------------------------------------------------------------&#xA;-----                          Event 2                           -----&#xA;----------------------------------------------------------------------&#xA;   Returned from UUT: matrix_multiply.c&#xA;     Subprogram: matrix_multiply&#xA;       M1&#xA;         [0] &#xA;           row =&gt; 2&#xA;           col =&gt; 3&#xA;           matrix&#xA;             [0] &#xA;               [0] =&gt; 52&#xA;               [1] =&gt; 91&#xA;               [2] =&gt; 87&#xA;               [3] =&gt; 0&#xA;             [1] &#xA;               [0] =&gt; 58&#xA;               [1] =&gt; 59&#xA;               [2] =&gt; 80&#xA;               [3] =&gt; 0&#xA;             [2] &#xA;               [0] =&gt; 0&#xA;               [1] =&gt; 0&#xA;               [2] =&gt; 0&#xA;               [3] =&gt; 0&#xA;             [3] &#xA;               [0] =&gt; 0&#xA;               [1] =&gt; 0&#xA;               [2] =&gt; 0&#xA;               [3] =&gt; 0&#xA;       M2&#xA;         [0] &#xA;           row =&gt; 3&#xA;           col =&gt; 3&#xA;           matrix&#xA;             [0] &#xA;               [0] =&gt; 21&#xA;               [1] =&gt; 16&#xA;               [2] =&gt; 28&#xA;               [3] =&gt; 0&#xA;             [1] &#xA;               [0] =&gt; 54&#xA;               [1] =&gt; 28&#xA;               [2] =&gt; 58&#xA;               [3] =&gt; 0&#xA;             [2] &#xA;               [0] =&gt; 41&#xA;               [1] =&gt; 71&#xA;               [2] =&gt; 19&#xA;               [3] =&gt; 0&#xA;             [3] &#xA;               [0] =&gt; 0&#xA;               [1] =&gt; 0&#xA;               [2] =&gt; 0&#xA;               [3] =&gt; 0&#xA;       result&#xA;         [0] &#xA;           row =&gt; 2                                            &lt;match&gt;&#xA;           col =&gt; 3                                            &lt;match&gt;&#xA;           matrix&#xA;             [0] &#xA;               [0] =&gt; 9573                                     &lt;match&gt;&#xA;               [1] =&gt; 9557                                     &lt;match&gt;&#xA;               [2] =&gt; 8387                                     &lt;match&gt;&#xA;               [3] =&gt; 0                                        &lt;match&gt;&#xA;             [1] &#xA;               [0] =&gt; 7684                                     &lt;match&gt;&#xA;               [1] =&gt; 8260                                     &lt;match&gt;&#xA;               [2] =&gt; 6566                                     &lt;match&gt;&#xA;               [3] =&gt; 0                                        &lt;match&gt;&#xA;             [2] &#xA;               [0] =&gt; 0                                        &lt;match&gt;&#xA;               [1] =&gt; 0                                        &lt;match&gt;&#xA;               [2] =&gt; 0                                        &lt;match&gt;&#xA;               [3] =&gt; 0                                        &lt;match&gt;&#xA;             [3] &#xA;               [0] =&gt; 0                                        &lt;match&gt;&#xA;               [1] =&gt; 0                                        &lt;match&gt;&#xA;               [2] =&gt; 0                                        &lt;match&gt;&#xA;               [3] =&gt; 0                                        &lt;match&gt;&#xA;       return =&gt; 0                                             &lt;match&gt;&#xA;&#xA;&#xA;   UUT Returned control to Driver ...&#xA;&#xA;End of Test Case&#xA;&#xA;&#xA;&#xA;Expected Results matched 100%                       ( 19 / 19 )   PASS&#xA;Test Status                                                       PASS&#xA;&#xA;                     
            </system-out>
        </testcase>

        <testcase name="matrix_multiply.matrix_multiply.SIZERANDOM(3X4X4X1)" classname="VectorCAST_MinGW_C++.UnitTesting.ENV_MATRIX_MULTIPLY" time="0.0">
            
            <skipped/>

            <system-out>
Skipped by VectorCAST Change Based Testing.  Last execution data shown.&#xA;&#xA;PASS 19 / 19  &#xA;&#xA;Execution Report:&#xA; Start of Test Case:   SIZERANDOM(3X4X4X1)&#xA;&#xA;----------------------------------------------------------------------&#xA;-----                          Event 1                           -----&#xA;----------------------------------------------------------------------&#xA;   Calling UUT: matrix_multiply.c&#xA;     Subprogram: matrix_multiply&#xA;       M1&#xA;         [0] &#xA;           row =&gt; 3&#xA;           col =&gt; 4&#xA;           matrix&#xA;             [0] &#xA;               [0] =&gt; 32&#xA;               [1] =&gt; 97&#xA;               [2] =&gt; 4&#xA;               [3] =&gt; 89&#xA;             [1] &#xA;               [0] =&gt; 91&#xA;               [1] =&gt; 30&#xA;               [2] =&gt; 45&#xA;               [3] =&gt; 18&#xA;             [2] &#xA;               [0] =&gt; 81&#xA;               [1] =&gt; 88&#xA;               [2] =&gt; 21&#xA;               [3] =&gt; 85&#xA;             [3] &#xA;               [0] =&gt; 0&#xA;               [1] =&gt; 0&#xA;               [2] =&gt; 0&#xA;               [3] =&gt; 0&#xA;       M2&#xA;         [0] &#xA;           row =&gt; 4&#xA;           col =&gt; 1&#xA;           matrix&#xA;             [0] &#xA;               [0] =&gt; 44&#xA;               [1] =&gt; 0&#xA;               [2] =&gt; 0&#xA;               [3] =&gt; 0&#xA;             [1] &#xA;               [0] =&gt; 6&#xA;               [1] =&gt; 0&#xA;               [2] =&gt; 0&#xA;               [3] =&gt; 0&#xA;             [2] &#xA;               [0] =&gt; 78&#xA;               [1] =&gt; 0&#xA;               [2] =&gt; 0&#xA;               [3] =&gt; 0&#xA;             [3] &#xA;               [0] =&gt; 30&#xA;               [1] =&gt; 0&#xA;               [2] =&gt; 0&#xA;               [3] =&gt; 0&#xA;       result&#xA;         [0] &#xA;           row =&gt; 0&#xA;           col =&gt; 0&#xA;           matrix&#xA;             [0] &#xA;               [0] =&gt; 0&#xA;               [1] =&gt; 0&#xA;               [2] =&gt; 0&#xA;               [3] =&gt; 0&#xA;             [1] &#xA;               [0] =&gt; 0&#xA;               [1] =&gt; 0&#xA;               [2] =&gt; 0&#xA;               [3] =&gt; 0&#xA;             [2] &#xA;               [0] =&gt; 0&#xA;               [1] =&gt; 0&#xA;               [2] =&gt; 0&#xA;               [3] =&gt; 0&#xA;             [3] &#xA;               [0] =&gt; 0&#xA;               [1] =&gt; 0&#xA;               [2] =&gt; 0&#xA;               [3] =&gt; 0&#xA;       return =&gt; 0&#xA;&#xA;&#xA;----------------------------------------------------------------------&#xA;-----                          Event 2                           -----&#xA;----------------------------------------------------------------------&#xA;   Returned from UUT: matrix_multiply.c&#xA;     Subprogram: matrix_multiply&#xA;       M1&#xA;         [0] &#xA;           row =&gt; 3&#xA;           col =&gt; 4&#xA;           matrix&#xA;             [0] &#xA;               [0] =&gt; 32&#xA;               [1] =&gt; 97&#xA;               [2] =&gt; 4&#xA;               [3] =&gt; 89&#xA;             [1] &#xA;               [0] =&gt; 91&#xA;               [1] =&gt; 30&#xA;               [2] =&gt; 45&#xA;               [3] =&gt; 18&#xA;             [2] &#xA;               [0] =&gt; 81&#xA;               [1] =&gt; 88&#xA;               [2] =&gt; 21&#xA;               [3] =&gt; 85&#xA;             [3] &#xA;               [0] =&gt; 0&#xA;               [1] =&gt; 0&#xA;               [2] =&gt; 0&#xA;               [3] =&gt; 0&#xA;       M2&#xA;         [0] &#xA;           row =&gt; 4&#xA;           col =&gt; 1&#xA;           matrix&#xA;             [0] &#xA;               [0] =&gt; 44&#xA;               [1] =&gt; 0&#xA;               [2] =&gt; 0&#xA;               [3] =&gt; 0&#xA;             [1] &#xA;               [0] =&gt; 6&#xA;               [1] =&gt; 0&#xA;               [2] =&gt; 0&#xA;               [3] =&gt; 0&#xA;             [2] &#xA;               [0] =&gt; 78&#xA;               [1] =&gt; 0&#xA;               [2] =&gt; 0&#xA;               [3] =&gt; 0&#xA;             [3] &#xA;               [0] =&gt; 30&#xA;               [1] =&gt; 0&#xA;               [2] =&gt; 0&#xA;               [3] =&gt; 0&#xA;       result&#xA;         [0] &#xA;           row =&gt; 3                                            &lt;match&gt;&#xA;           col =&gt; 1                                            &lt;match&gt;&#xA;           matrix&#xA;             [0] &#xA;               [0] =&gt; 4972                                     &lt;match&gt;&#xA;               [1] =&gt; 0                                        &lt;match&gt;&#xA;               [2] =&gt; 0                                        &lt;match&gt;&#xA;               [3] =&gt; 0                                        &lt;match&gt;&#xA;             [1] &#xA;               [0] =&gt; 8234                                     &lt;match&gt;&#xA;               [1] =&gt; 0                                        &lt;match&gt;&#xA;               [2] =&gt; 0                                        &lt;match&gt;&#xA;               [3] =&gt; 0                                        &lt;match&gt;&#xA;             [2] &#xA;               [0] =&gt; 8280                                     &lt;match&gt;&#xA;               [1] =&gt; 0                                        &lt;match&gt;&#xA;               [2] =&gt; 0                                        &lt;match&gt;&#xA;               [3] =&gt; 0                                        &lt;match&gt;&#xA;             [3] &#xA;               [0] =&gt; 0                                        &lt;match&gt;&#xA;               [1] =&gt; 0                                        &lt;match&gt;&#xA;               [2] =&gt; 0                                        &lt;match&gt;&#xA;               [3] =&gt; 0                                        &lt;match&gt;&#xA;       return =&gt; 0                                             &lt;match&gt;&#xA;&#xA;&#xA;   UUT Returned control to Driver ...&#xA;&#xA;End of Test Case&#xA;&#xA;&#xA;&#xA;Expected Results matched 100%                       ( 19 / 19 )   PASS&#xA;Test Status                                                       PASS&#xA;&#xA;                     
            </system-out>
        </testcase>

        <testcase name="matrix_multiply.matrix_multiply.SIZERANDOM(4X3X3X2)" classname="VectorCAST_MinGW_C++.UnitTesting.ENV_MATRIX_MULTIPLY" time="0.0">
            
            <skipped/>

            <system-out>
Skipped by VectorCAST Change Based Testing.  Last execution data shown.&#xA;&#xA;PASS 19 / 19  &#xA;&#xA;Execution Report:&#xA; Start of Test Case:   SIZERANDOM(4X3X3X2)&#xA;&#xA;----------------------------------------------------------------------&#xA;-----                          Event 1                           -----&#xA;----------------------------------------------------------------------&#xA;   Calling UUT: matrix_multiply.c&#xA;     Subprogram: matrix_multiply&#xA;       M1&#xA;         [0] &#xA;           row =&gt; 4&#xA;           col =&gt; 3&#xA;           matrix&#xA;             [0] &#xA;               [0] =&gt; 14&#xA;               [1] =&gt; 47&#xA;               [2] =&gt; 87&#xA;               [3] =&gt; 0&#xA;             [1] &#xA;               [0] =&gt; 63&#xA;               [1] =&gt; 58&#xA;               [2] =&gt; 8&#xA;               [3] =&gt; 0&#xA;             [2] &#xA;               [0] =&gt; 58&#xA;               [1] =&gt; 88&#xA;               [2] =&gt; 80&#xA;               [3] =&gt; 0&#xA;             [3] &#xA;               [0] =&gt; 86&#xA;               [1] =&gt; 25&#xA;               [2] =&gt; 37&#xA;               [3] =&gt; 0&#xA;       M2&#xA;         [0] &#xA;           row =&gt; 3&#xA;           col =&gt; 2&#xA;           matrix&#xA;             [0] &#xA;               [0] =&gt; 35&#xA;               [1] =&gt; 67&#xA;               [2] =&gt; 0&#xA;               [3] =&gt; 0&#xA;             [1] &#xA;               [0] =&gt; 11&#xA;               [1] =&gt; 34&#xA;               [2] =&gt; 0&#xA;               [3] =&gt; 0&#xA;             [2] &#xA;               [0] =&gt; 82&#xA;               [1] =&gt; 84&#xA;               [2] =&gt; 0&#xA;               [3] =&gt; 0&#xA;             [3] &#xA;               [0] =&gt; 0&#xA;               [1] =&gt; 0&#xA;               [2] =&gt; 0&#xA;               [3] =&gt; 0&#xA;       result&#xA;         [0] &#xA;           row =&gt; 0&#xA;           col =&gt; 0&#xA;           matrix&#xA;             [0] &#xA;               [0] =&gt; 0&#xA;               [1] =&gt; 0&#xA;               [2] =&gt; 0&#xA;               [3] =&gt; 0&#xA;             [1] &#xA;               [0] =&gt; 0&#xA;               [1] =&gt; 0&#xA;               [2] =&gt; 0&#xA;               [3] =&gt; 0&#xA;             [2] &#xA;               [0] =&gt; 0&#xA;               [1] =&gt; 0&#xA;               [2] =&gt; 0&#xA;               [3] =&gt; 0&#xA;             [3] &#xA;               [0] =&gt; 0&#xA;               [1] =&gt; 0&#xA;               [2] =&gt; 0&#xA;               [3] =&gt; 0&#xA;       return =&gt; 0&#xA;&#xA;&#xA;----------------------------------------------------------------------&#xA;-----                          Event 2                           -----&#xA;----------------------------------------------------------------------&#xA;   Returned from UUT: matrix_multiply.c&#xA;     Subprogram: matrix_multiply&#xA;       M1&#xA;         [0] &#xA;           row =&gt; 4&#xA;           col =&gt; 3&#xA;           matrix&#xA;             [0] &#xA;               [0] =&gt; 14&#xA;               [1] =&gt; 47&#xA;               [2] =&gt; 87&#xA;               [3] =&gt; 0&#xA;             [1] &#xA;               [0] =&gt; 63&#xA;               [1] =&gt; 58&#xA;               [2] =&gt; 8&#xA;               [3] =&gt; 0&#xA;             [2] &#xA;               [0] =&gt; 58&#xA;               [1] =&gt; 88&#xA;               [2] =&gt; 80&#xA;               [3] =&gt; 0&#xA;             [3] &#xA;               [0] =&gt; 86&#xA;               [1] =&gt; 25&#xA;               [2] =&gt; 37&#xA;               [3] =&gt; 0&#xA;       M2&#xA;         [0] &#xA;           row =&gt; 3&#xA;           col =&gt; 2&#xA;           matrix&#xA;             [0] &#xA;               [0] =&gt; 35&#xA;               [1] =&gt; 67&#xA;               [2] =&gt; 0&#xA;               [3] =&gt; 0&#xA;             [1] &#xA;               [0] =&gt; 11&#xA;               [1] =&gt; 34&#xA;               [2] =&gt; 0&#xA;               [3] =&gt; 0&#xA;             [2] &#xA;               [0] =&gt; 82&#xA;               [1] =&gt; 84&#xA;               [2] =&gt; 0&#xA;               [3] =&gt; 0&#xA;             [3] &#xA;               [0] =&gt; 0&#xA;               [1] =&gt; 0&#xA;               [2] =&gt; 0&#xA;               [3] =&gt; 0&#xA;       result&#xA;         [0] &#xA;           row =&gt; 4                                            &lt;match&gt;&#xA;           col =&gt; 2                                            &lt;match&gt;&#xA;           matrix&#xA;             [0] &#xA;               [0] =&gt; 8141                                     &lt;match&gt;&#xA;               [1] =&gt; 9844                                     &lt;match&gt;&#xA;               [2] =&gt; 0                                        &lt;match&gt;&#xA;               [3] =&gt; 0                                        &lt;match&gt;&#xA;             [1] &#xA;               [0] =&gt; 3499                                     &lt;match&gt;&#xA;               [1] =&gt; 6865                                     &lt;match&gt;&#xA;               [2] =&gt; 0                                        &lt;match&gt;&#xA;               [3] =&gt; 0                                        &lt;match&gt;&#xA;             [2] &#xA;               [0] =&gt; 9558                                     &lt;match&gt;&#xA;               [1] =&gt; 13598                                    &lt;match&gt;&#xA;               [2] =&gt; 0                                        &lt;match&gt;&#xA;               [3] =&gt; 0                                        &lt;match&gt;&#xA;             [3] &#xA;               [0] =&gt; 6319                                     &lt;match&gt;&#xA;               [1] =&gt; 9720                                     &lt;match&gt;&#xA;               [2] =&gt; 0                                        &lt;match&gt;&#xA;               [3] =&gt; 0                                        &lt;match&gt;&#xA;       return =&gt; 0                                             &lt;match&gt;&#xA;&#xA;&#xA;   UUT Returned control to Driver ...&#xA;&#xA;End of Test Case&#xA;&#xA;&#xA;&#xA;Expected Results matched 100%                       ( 19 / 19 )   PASS&#xA;Test Status                                                       PASS&#xA;&#xA;                     
            </system-out>
        </testcase>
   </testsuite>
</testsuites>
