<?xml version="1.0" encoding="UTF-8"?>
<testsuites>
    <testsuite errors="1" tests="3" failures="1" name="INTEGRATION_TESTING" id="1">

        <testcase name="&lt;&lt;COMPOUND&gt;&gt;.&lt;&lt;COMPOUND&gt;&gt;.INT_Steak_Sequence" classname="VectorCAST_MinGW_C++.UnitTesting.INTEGRATION_TESTING" time="0.54538">
            
            <failure type="failure"/>

            <system-out>
FAIL 2 / 3  &#xA;&#xA;Execution Report:&#xA; Start of Test Case:   INT_Steak_Sequence&#xA;&#xA;----------------------------------------------------------------------&#xA;-----                          Event 1                           -----&#xA;----------------------------------------------------------------------&#xA;-----  INT_Steak_Sequence Slot 1 (Place_Order.001) Iteration 1   -----&#xA;----------------------------------------------------------------------&#xA;   Calling UUT: manager.c&#xA;     Subprogram: Place_Order&#xA;       Table =&gt; 1&#xA;       Seat =&gt; 1&#xA;       Order&#xA;         Entree =&gt; STEAK&#xA;&#xA;&#xA;----------------------------------------------------------------------&#xA;-----                          Event 2                           -----&#xA;----------------------------------------------------------------------&#xA;   Returned from UUT: manager.c&#xA;     Subprogram: Place_Order&#xA;       Table =&gt; 1&#xA;       Seat =&gt; 1&#xA;       Order&#xA;         Entree =&gt; STEAK&#xA;&#xA;&#xA;&#xA;----------------------------------------------------------------------&#xA;-----                          Event 3                           -----&#xA;----------------------------------------------------------------------&#xA;-----INT_Steak_Sequence Slot 2 (Get_Check_Total.001) Iteration 1 -----&#xA;----------------------------------------------------------------------&#xA;   Calling UUT: manager.c&#xA;     Subprogram: Get_Check_Total&#xA;       Table =&gt; 1&#xA;       return =&gt; 0&#xA;&#xA;&#xA;----------------------------------------------------------------------&#xA;-----                          Event 4                           -----&#xA;----------------------------------------------------------------------&#xA;   Returned from UUT: manager.c&#xA;     Subprogram: Get_Check_Total&#xA;       Table =&gt; 1&#xA;       return =&gt; 14.42                                         [14.84]&#xA;&#xA;&#xA;&#xA;----------------------------------------------------------------------&#xA;-----                          Event 5                           -----&#xA;----------------------------------------------------------------------&#xA;-----  INT_Steak_Sequence Slot 3 (Pay_The_Bill.001) Iteration 1  -----&#xA;----------------------------------------------------------------------&#xA;   Calling UUT: manager.c&#xA;     Subprogram: Pay_The_Bill&#xA;       name =&gt; Robert&#xA;       cardNumber =&gt; 0000&#xA;       secCode =&gt; 34&#xA;       Table =&gt; 1&#xA;       return =&gt; 0&#xA;&#xA;&#xA;----------------------------------------------------------------------&#xA;-----                          Event 6                           -----&#xA;----------------------------------------------------------------------&#xA;   Returned from UUT: manager.c&#xA;     Subprogram: Pay_The_Bill&#xA;       name =&gt; Robert&#xA;       cardNumber =&gt; 0000&#xA;       secCode =&gt; 34&#xA;       Table =&gt; 1&#xA;       return =&gt; 0                                             &lt;match&gt;&#xA;&#xA;&#xA;&#xA;----------------------------------------------------------------------&#xA;-----                          Event 7                           -----&#xA;----------------------------------------------------------------------&#xA;-----  INT_Steak_Sequence Slot 4 (Clear_Table.001) Iteration 1   -----&#xA;----------------------------------------------------------------------&#xA;   Calling UUT: manager.c&#xA;     Subprogram: Clear_Table&#xA;       Table =&gt; 1&#xA;       return =&gt; 0&#xA;&#xA;&#xA;----------------------------------------------------------------------&#xA;-----                          Event 8                           -----&#xA;----------------------------------------------------------------------&#xA;   Returned from UUT: manager.c&#xA;     Subprogram: Clear_Table&#xA;       Table =&gt; 1&#xA;       return =&gt; 0                                             &lt;match&gt;&#xA;&#xA;&#xA;   UUT Returned control to Driver ...&#xA;&#xA;End of Test Case&#xA;&#xA;&#xA;&#xA;Expected Results matched 66%                          ( 2 / 3 )   FAIL&#xA;Test Status                                                       FAIL&#xA;&#xA;                     
            </system-out>
        </testcase>

        <testcase name="manager.Add_Included_Dessert.Add_Included_Dessert.001" classname="VectorCAST_MinGW_C++.UnitTesting.INTEGRATION_TESTING" time="0.0">
            
            <skipped/>

            <system-out>
Skipped by VectorCAST Change Based Testing.  Last execution data shown.&#xA;&#xA;PASS 1 / 1  &#xA;&#xA;Execution Report:&#xA; Start of Test Case:   Add_Included_Dessert.001&#xA;&#xA;----------------------------------------------------------------------&#xA;-----                          Event 1                           -----&#xA;----------------------------------------------------------------------&#xA;   Calling UUT: manager.c&#xA;     Subprogram: Add_Included_Dessert&#xA;       Order&#xA;         [0] &#xA;           Salad =&gt; CAESAR&#xA;           Entree =&gt; STEAK&#xA;           Dessert =&gt; NO_DESSERT&#xA;           Beverage =&gt; MIXED_DRINK&#xA;&#xA;&#xA;----------------------------------------------------------------------&#xA;-----                          Event 2                           -----&#xA;----------------------------------------------------------------------&#xA;   Returned from UUT: manager.c&#xA;     Subprogram: Add_Included_Dessert&#xA;       Order&#xA;         [0] &#xA;           Salad =&gt; CAESAR&#xA;           Entree =&gt; STEAK&#xA;           Dessert =&gt; PIE                                      &lt;match&gt;&#xA;           Beverage =&gt; MIXED_DRINK&#xA;&#xA;&#xA;   UUT Returned control to Driver ...&#xA;&#xA;End of Test Case&#xA;&#xA;&#xA;&#xA;Expected Results matched 100%                         ( 1 / 1 )   PASS&#xA;Test Status                                                       PASS&#xA;&#xA;                     
            </system-out>
        </testcase>
   </testsuite>
</testsuites>
