<?xml version="1.0" encoding="UTF-8"?>
<testsuites>
    <testsuite errors="0" tests="2" failures="0" name="ENV_ENCRYPT" id="1">

        <testcase name="encrypt.transmit_Info.encrypt.transmit_Info.failure" classname="VectorCAST_MinGW_C++.UnitTesting.ENV_ENCRYPT" time="0.0">
            
            <skipped/>

            <system-out>
Skipped by VectorCAST Change Based Testing.  Last execution data shown.&#xA;&#xA;PASS 1 / 1  &#xA;&#xA;Execution Report:&#xA; Start of Test Case:   encrypt.transmit_Info.failure&#xA;&#xA;----------------------------------------------------------------------&#xA;-----                          Event 1                           -----&#xA;----------------------------------------------------------------------&#xA;   Calling UUT: encrypt.c&#xA;     Subprogram: transmit_Info&#xA;       name =&gt; Tim Schneider&#xA;       number =&gt; 000011112222333&#xA;       secCode =&gt; 01&#xA;       Info =&gt; 12.34&#xA;       return =&gt; 0&#xA;&#xA;&#xA;----------------------------------------------------------------------&#xA;-----                          Event 2                           -----&#xA;----------------------------------------------------------------------&#xA;   Stub called: encrypt.c&#xA;     Subprogram: generate_private_key&#xA;&#xA;&#xA;----------------------------------------------------------------------&#xA;-----                          Event 3                           -----&#xA;----------------------------------------------------------------------&#xA;   Stub called: matrix_multiply.h&#xA;     Subprogram: matrix_multiply&#xA;       return =&gt; -1&#xA;&#xA;&#xA;----------------------------------------------------------------------&#xA;-----                          Event 4                           -----&#xA;----------------------------------------------------------------------&#xA;   Stub called: matrix_multiply.h&#xA;     Subprogram: matrix_multiply&#xA;       return =&gt; -1&#xA;&#xA;&#xA;----------------------------------------------------------------------&#xA;-----                          Event 5                           -----&#xA;----------------------------------------------------------------------&#xA;   Stub called: matrix_multiply.h&#xA;     Subprogram: matrix_multiply&#xA;       return =&gt; -1&#xA;&#xA;&#xA;----------------------------------------------------------------------&#xA;-----                          Event 6                           -----&#xA;----------------------------------------------------------------------&#xA;   Stub called: matrix_multiply.h&#xA;     Subprogram: matrix_multiply&#xA;       return =&gt; -1&#xA;&#xA;&#xA;----------------------------------------------------------------------&#xA;-----                          Event 7                           -----&#xA;----------------------------------------------------------------------&#xA;   Returned from UUT: encrypt.c&#xA;     Subprogram: transmit_Info&#xA;       name =&gt; Tim Schneider&#xA;       number =&gt; 000011112222333&#xA;       secCode =&gt; 01&#xA;       Info =&gt; 12.34&#xA;       return =&gt; -1                                            &lt;match&gt;&#xA;&#xA;&#xA;   UUT Returned control to Driver ...&#xA;&#xA;End of Test Case&#xA;&#xA;&#xA;&#xA;Expected Results matched 100%                         ( 1 / 1 )   PASS&#xA;Test Status                                                       PASS&#xA;&#xA;                     
            </system-out>
        </testcase>

        <testcase name="encrypt.transmit_Info.encrypt.transmit_Info.good" classname="VectorCAST_MinGW_C++.UnitTesting.ENV_ENCRYPT" time="0.0">
            
            <skipped/>

            <system-out>
Skipped by VectorCAST Change Based Testing.  Last execution data shown.&#xA;&#xA;PASS 1 / 1  &#xA;&#xA;Execution Report:&#xA; Start of Test Case:   encrypt.transmit_Info.good&#xA;&#xA;----------------------------------------------------------------------&#xA;-----                          Event 1                           -----&#xA;----------------------------------------------------------------------&#xA;   Calling UUT: encrypt.c&#xA;     Subprogram: transmit_Info&#xA;       name =&gt; Tim Schneider&#xA;       number =&gt; 000011112222333&#xA;       secCode =&gt; 01&#xA;       Info =&gt; 12.34&#xA;       return =&gt; 0&#xA;&#xA;&#xA;----------------------------------------------------------------------&#xA;-----                          Event 2                           -----&#xA;----------------------------------------------------------------------&#xA;   Stub called: matrix_multiply.h&#xA;     Subprogram: matrix_multiply&#xA;&#xA;&#xA;----------------------------------------------------------------------&#xA;-----                          Event 3                           -----&#xA;----------------------------------------------------------------------&#xA;   Stub called: matrix_multiply.h&#xA;     Subprogram: matrix_multiply&#xA;&#xA;&#xA;----------------------------------------------------------------------&#xA;-----                          Event 4                           -----&#xA;----------------------------------------------------------------------&#xA;   Stub called: matrix_multiply.h&#xA;     Subprogram: matrix_multiply&#xA;&#xA;&#xA;----------------------------------------------------------------------&#xA;-----                          Event 5                           -----&#xA;----------------------------------------------------------------------&#xA;   Stub called: matrix_multiply.h&#xA;     Subprogram: matrix_multiply&#xA;&#xA;&#xA;----------------------------------------------------------------------&#xA;-----                          Event 6                           -----&#xA;----------------------------------------------------------------------&#xA;   Returned from UUT: encrypt.c&#xA;     Subprogram: transmit_Info&#xA;       name =&gt; Tim Schneider&#xA;       number =&gt; 000011112222333&#xA;       secCode =&gt; 01&#xA;       Info =&gt; 12.34&#xA;       return =&gt; 0                                             &lt;match&gt;&#xA;&#xA;&#xA;   UUT Returned control to Driver ...&#xA;&#xA;End of Test Case&#xA;&#xA;&#xA;&#xA;Expected Results matched 100%                         ( 1 / 1 )   PASS&#xA;Test Status                                                       PASS&#xA;&#xA;                     
            </system-out>
        </testcase>
   </testsuite>
</testsuites>
