<?xml version="1.0" encoding="UTF-8"?>
<testsuites>
    <testsuite errors="0" tests="2" failures="0" name="ENV_LINKED_LIST" id="1">

        <testcase name="linked_list.RemoveAllDataItems.BASIS-PATH-001" classname="VectorCAST_MinGW_C++.UnitTesting.ENV_LINKED_LIST" time="0.0">
            
            <skipped/>

            <system-out>
Skipped by VectorCAST Change Based Testing.  Last execution data shown.&#xA;&#xA;PASS 0 / 0  &#xA;&#xA;Execution Report:&#xA; Start of Test Case:   BASIS-PATH-001&#xA;&#xA;----------------------------------------------------------------------&#xA;-----                          Event 1                           -----&#xA;----------------------------------------------------------------------&#xA;   Calling UUT: linked_list.c&#xA;     Subprogram: RemoveAllDataItems&#xA;&#xA;&#xA;----------------------------------------------------------------------&#xA;-----                          Event 2                           -----&#xA;----------------------------------------------------------------------&#xA;   Returned from UUT: linked_list.c&#xA;     Subprogram: RemoveAllDataItems&#xA;&#xA;---------------------------- Global Data -----------------------------&#xA;&#xA;   UNIT: linked_list.c&#xA;     Globals:&#xA;       linkedList =&gt; &lt;&lt;null&gt;&gt;&#xA;&#xA;&#xA;   UUT Returned control to Driver ...&#xA;&#xA;End of Test Case&#xA;&#xA;&#xA;&#xA;Test Status                                                       PASS&#xA;&#xA;                     
            </system-out>
        </testcase>

        <testcase name="linked_list.RemoveAllDataItems.BASIS-PATH-002" classname="VectorCAST_MinGW_C++.UnitTesting.ENV_LINKED_LIST" time="0.0">
            
            <skipped/>

            <system-out>
Skipped by VectorCAST Change Based Testing.  Last execution data shown.&#xA;&#xA;PASS 0 / 0  &#xA;&#xA;Execution Report:&#xA; Start of Test Case:   BASIS-PATH-002&#xA;&#xA;----------------------------------------------------------------------&#xA;-----                          Event 1                           -----&#xA;----------------------------------------------------------------------&#xA;   Calling UUT: linked_list.c&#xA;     Subprogram: RemoveAllDataItems&#xA;&#xA;&#xA;----------------------------------------------------------------------&#xA;-----                          Event 2                           -----&#xA;----------------------------------------------------------------------&#xA;   Returned from UUT: linked_list.c&#xA;     Subprogram: RemoveAllDataItems&#xA;&#xA;&#xA;   UUT Returned control to Driver ...&#xA;&#xA;End of Test Case&#xA;&#xA;&#xA;&#xA;Test Status                                                       PASS&#xA;&#xA;                     
            </system-out>
        </testcase>
   </testsuite>
</testsuites>
